[2026-06-13T03:48:50.326Z] [error] Failed to load resource: the server responded with a status of 412 ()
[2026-06-13T03:48:53.716Z] [info] %c%s line-height: 30px; color: #FF6699 bili-fe-fp: 1.1.4
[2026-06-13T03:48:53.767Z] [info] %c bili-fe-mirror %c v2.1.0  padding: 2px 6px; border-radius: 3px 0 0 3px; color: #fff; background: #FF6699; font-weight: bold; padding: 2px 6px; border-radius: 0 3px 3px 0; color: #fff; background: #FF9999; font-weight: bold;
[2026-06-13T03:48:53.768Z] [log] 白屏检测是否正常 {status: ok, loop: 0, data: Object}
[2026-06-13T03:48:54.212Z] [info] %c%s line-height: 30px; color: #FF6699 bili-fe-fp: 1.1.4
[2026-06-13T03:48:54.266Z] [info] %c bili-fe-mirror %c v2.1.0  padding: 2px 6px; border-radius: 3px 0 0 3px; color: #fff; background: #FF6699; font-weight: bold; padding: 2px 6px; border-radius: 0 3px 3px 0; color: #fff; background: #FF9999; font-weight: bold;
[2026-06-13T03:48:54.266Z] [log] 白屏检测是否正常 {status: ok, loop: 0, data: Object}
[2026-06-13T03:48:54.737Z] [log] %c
                     //
         \\         //
          \\       //
    ##DDDDDDDDDDDDDDDDDDDDDD##
    ## DDDDDDDDDDDDDDDDDDDD ##   ________   ___   ___        ___   ________   ___   ___        ___
    ## hh                hh ##   |\   __  \ |\  \ |\  \      |\  \ |\   __  \ |\  \ |\  \      |\  \
    ## hh    //    \\    hh ##   \ \  \|\ /_\ \  \\ \  \     \ \  \\ \  \|\ /_\ \  \\ \  \     \ \  \
    ## hh   //      \\   hh ##    \ \   __  \\ \  \\ \  \     \ \  \\ \   __  \\ \  \\ \  \     \ \  \
    ## hh                hh ##     \ \  \|\  \\ \  \\ \  \____ \ \  \\ \  \|\  \\ \  \\ \  \____ \ \  \
    ## hh      wwww      hh ##      \ \_______\\ \__\\ \_______\\ \__\\ \_______\\ \__\\ \_______\\ \__\
    ## hh                hh ##       \|_______| \|__| \|_______| \|__| \|_______| \|__| \|_______| \|__|
    ## MMMMMMMMMMMMMMMMMMMM ##
    ##MMMMMMMMMMMMMMMMMMMMMM##                                          Release undefined@no release yet
         \/            \/                                       Powered by @bilibili/jinkela-core@2.8.14 color:#00a1d6
[2026-06-13T03:48:57.898Z] [info] %c%s line-height: 30px; color: #FF6699 bili-fe-fp: 1.1.4
[2026-06-13T03:48:57.945Z] [info] %c bili-fe-mirror %c v2.1.0  padding: 2px 6px; border-radius: 3px 0 0 3px; color: #fff; background: #FF6699; font-weight: bold; padding: 2px 6px; border-radius: 0 3px 3px 0; color: #fff; background: #FF9999; font-weight: bold;
[2026-06-13T03:48:57.945Z] [log] 白屏检测是否正常 {status: ok, loop: 0, data: Object}
[2026-06-13T03:48:58.340Z] [log] %c
                     //
         \\         //
          \\       //
    ##DDDDDDDDDDDDDDDDDDDDDD##
    ## DDDDDDDDDDDDDDDDDDDD ##   ________   ___   ___        ___   ________   ___   ___        ___
    ## hh                hh ##   |\   __  \ |\  \ |\  \      |\  \ |\   __  \ |\  \ |\  \      |\  \
    ## hh    //    \\    hh ##   \ \  \|\ /_\ \  \\ \  \     \ \  \\ \  \|\ /_\ \  \\ \  \     \ \  \
    ## hh   //      \\   hh ##    \ \   __  \\ \  \\ \  \     \ \  \\ \   __  \\ \  \\ \  \     \ \  \
    ## hh                hh ##     \ \  \|\  \\ \  \\ \  \____ \ \  \\ \  \|\  \\ \  \\ \  \____ \ \  \
    ## hh      wwww      hh ##      \ \_______\\ \__\\ \_______\\ \__\\ \_______\\ \__\\ \_______\\ \__\
    ## hh                hh ##       \|_______| \|__| \|_______| \|__| \|_______| \|__| \|_______| \|__|
    ## MMMMMMMMMMMMMMMMMMMM ##
    ##MMMMMMMMMMMMMMMMMMMMMM##                                          Release undefined@no release yet
         \/            \/                                       Powered by @bilibili/jinkela-core@2.8.14 color:#00a1d6
[2026-06-13T03:49:01.649Z] [info] %c%s line-height: 30px; color: #FF6699 bili-fe-fp: 1.1.4
[2026-06-13T03:49:01.672Z] [info] %c bili-fe-mirror %c v2.1.0  padding: 2px 6px; border-radius: 3px 0 0 3px; color: #fff; background: #FF6699; font-weight: bold; padding: 2px 6px; border-radius: 0 3px 3px 0; color: #fff; background: #FF9999; font-weight: bold;
[2026-06-13T03:49:01.672Z] [log] 白屏检测是否正常 {status: ok, loop: 0, data: Object}
[2026-06-13T03:49:01.934Z] [log] %c
                     //
         \\         //
          \\       //
    ##DDDDDDDDDDDDDDDDDDDDDD##
    ## DDDDDDDDDDDDDDDDDDDD ##   ________   ___   ___        ___   ________   ___   ___        ___
    ## hh                hh ##   |\   __  \ |\  \ |\  \      |\  \ |\   __  \ |\  \ |\  \      |\  \
    ## hh    //    \\    hh ##   \ \  \|\ /_\ \  \\ \  \     \ \  \\ \  \|\ /_\ \  \\ \  \     \ \  \
    ## hh   //      \\   hh ##    \ \   __  \\ \  \\ \  \     \ \  \\ \   __  \\ \  \\ \  \     \ \  \
    ## hh                hh ##     \ \  \|\  \\ \  \\ \  \____ \ \  \\ \  \|\  \\ \  \\ \  \____ \ \  \
    ## hh      wwww      hh ##      \ \_______\\ \__\\ \_______\\ \__\\ \_______\\ \__\\ \_______\\ \__\
    ## hh                hh ##       \|_______| \|__| \|_______| \|__| \|_______| \|__| \|_______| \|__|
    ## MMMMMMMMMMMMMMMMMMMM ##
    ##MMMMMMMMMMMMMMMMMMMMMM##                                          Release undefined@no release yet
         \/            \/                                       Powered by @bilibili/jinkela-core@2.8.14 color:#00a1d6
[2026-06-13T03:49:05.351Z] [info] %c%s line-height: 30px; color: #FF6699 bili-fe-fp: 1.1.4
[2026-06-13T03:49:05.393Z] [info] %c bili-fe-mirror %c v2.1.0  padding: 2px 6px; border-radius: 3px 0 0 3px; color: #fff; background: #FF6699; font-weight: bold; padding: 2px 6px; border-radius: 0 3px 3px 0; color: #fff; background: #FF9999; font-weight: bold;
[2026-06-13T03:49:05.393Z] [log] 白屏检测是否正常 {status: ok, loop: 0, data: Object}
[2026-06-13T03:49:05.927Z] [log] %c
                     //
         \\         //
          \\       //
    ##DDDDDDDDDDDDDDDDDDDDDD##
    ## DDDDDDDDDDDDDDDDDDDD ##   ________   ___   ___        ___   ________   ___   ___        ___
    ## hh                hh ##   |\   __  \ |\  \ |\  \      |\  \ |\   __  \ |\  \ |\  \      |\  \
    ## hh    //    \\    hh ##   \ \  \|\ /_\ \  \\ \  \     \ \  \\ \  \|\ /_\ \  \\ \  \     \ \  \
    ## hh   //      \\   hh ##    \ \   __  \\ \  \\ \  \     \ \  \\ \   __  \\ \  \\ \  \     \ \  \
    ## hh                hh ##     \ \  \|\  \\ \  \\ \  \____ \ \  \\ \  \|\  \\ \  \\ \  \____ \ \  \
    ## hh      wwww      hh ##      \ \_______\\ \__\\ \_______\\ \__\\ \_______\\ \__\\ \_______\\ \__\
    ## hh                hh ##       \|_______| \|__| \|_______| \|__| \|_______| \|__| \|_______| \|__|
    ## MMMMMMMMMMMMMMMMMMMM ##
    ##MMMMMMMMMMMMMMMMMMMMMM##                                          Release undefined@no release yet
         \/            \/                                       Powered by @bilibili/jinkela-core@2.8.14 color:#00a1d6
[2026-06-13T03:49:09.047Z] [info] %c%s line-height: 30px; color: #FF6699 bili-fe-fp: 1.1.4
[2026-06-13T03:49:09.092Z] [info] %c bili-fe-mirror %c v2.1.0  padding: 2px 6px; border-radius: 3px 0 0 3px; color: #fff; background: #FF6699; font-weight: bold; padding: 2px 6px; border-radius: 0 3px 3px 0; color: #fff; background: #FF9999; font-weight: bold;
[2026-06-13T03:49:09.092Z] [log] 白屏检测是否正常 {status: ok, loop: 0, data: Object}
[2026-06-13T03:49:09.548Z] [log] %c
                     //
         \\         //
          \\       //
    ##DDDDDDDDDDDDDDDDDDDDDD##
    ## DDDDDDDDDDDDDDDDDDDD ##   ________   ___   ___        ___   ________   ___   ___        ___
    ## hh                hh ##   |\   __  \ |\  \ |\  \      |\  \ |\   __  \ |\  \ |\  \      |\  \
    ## hh    //    \\    hh ##   \ \  \|\ /_\ \  \\ \  \     \ \  \\ \  \|\ /_\ \  \\ \  \     \ \  \
    ## hh   //      \\   hh ##    \ \   __  \\ \  \\ \  \     \ \  \\ \   __  \\ \  \\ \  \     \ \  \
    ## hh                hh ##     \ \  \|\  \\ \  \\ \  \____ \ \  \\ \  \|\  \\ \  \\ \  \____ \ \  \
    ## hh      wwww      hh ##      \ \_______\\ \__\\ \_______\\ \__\\ \_______\\ \__\\ \_______\\ \__\
    ## hh                hh ##       \|_______| \|__| \|_______| \|__| \|_______| \|__| \|_______| \|__|
    ## MMMMMMMMMMMMMMMMMMMM ##
    ##MMMMMMMMMMMMMMMMMMMMMM##                                          Release undefined@no release yet
         \/            \/                                       Powered by @bilibili/jinkela-core@2.8.14 color:#00a1d6
[2026-06-13T03:49:09.628Z] [warning] Mixed Content: The page at 'https://www.bilibili.com/video/BV1Y854zmEg9/' was loaded over HTTPS, but requested an insecure element 'http://i2.hdslb.com/bfs/archive/40d310963d9ff5a50e5746b27aae0b6f996aaeea.jpg@180w_100h_1c.jpg'. This request was automatically upgraded to HTTPS, For more information see https://blog.chromium.org/2019/10/no-more-mixed-messages-about-https.html
[2026-06-13T03:49:13.048Z] [info] %c%s line-height: 30px; color: #FF6699 bili-fe-fp: 1.1.4
[2026-06-13T03:49:13.063Z] [info] %c bili-fe-mirror %c v2.1.0  padding: 2px 6px; border-radius: 3px 0 0 3px; color: #fff; background: #FF6699; font-weight: bold; padding: 2px 6px; border-radius: 0 3px 3px 0; color: #fff; background: #FF9999; font-weight: bold;
[2026-06-13T03:49:13.063Z] [log] 白屏检测是否正常 {status: ok, loop: 0, data: Object}
[2026-06-13T03:49:13.453Z] [log] %c
                     //
         \\         //
          \\       //
    ##DDDDDDDDDDDDDDDDDDDDDD##
    ## DDDDDDDDDDDDDDDDDDDD ##   ________   ___   ___        ___   ________   ___   ___        ___
    ## hh                hh ##   |\   __  \ |\  \ |\  \      |\  \ |\   __  \ |\  \ |\  \      |\  \
    ## hh    //    \\    hh ##   \ \  \|\ /_\ \  \\ \  \     \ \  \\ \  \|\ /_\ \  \\ \  \     \ \  \
    ## hh   //      \\   hh ##    \ \   __  \\ \  \\ \  \     \ \  \\ \   __  \\ \  \\ \  \     \ \  \
    ## hh                hh ##     \ \  \|\  \\ \  \\ \  \____ \ \  \\ \  \|\  \\ \  \\ \  \____ \ \  \
    ## hh      wwww      hh ##      \ \_______\\ \__\\ \_______\\ \__\\ \_______\\ \__\\ \_______\\ \__\
    ## hh                hh ##       \|_______| \|__| \|_______| \|__| \|_______| \|__| \|_______| \|__|
    ## MMMMMMMMMMMMMMMMMMMM ##
    ##MMMMMMMMMMMMMMMMMMMMMM##                                          Release undefined@no release yet
         \/            \/                                       Powered by @bilibili/jinkela-core@2.8.14 color:#00a1d6
[2026-06-13T03:49:13.535Z] [error] Failed to load resource: net::ERR_CONNECTION_CLOSED
[2026-06-13T03:49:16.838Z] [info] %c%s line-height: 30px; color: #FF6699 bili-fe-fp: 1.1.4
[2026-06-13T03:49:16.883Z] [info] %c bili-fe-mirror %c v2.1.0  padding: 2px 6px; border-radius: 3px 0 0 3px; color: #fff; background: #FF6699; font-weight: bold; padding: 2px 6px; border-radius: 0 3px 3px 0; color: #fff; background: #FF9999; font-weight: bold;
[2026-06-13T03:49:16.883Z] [log] 白屏检测是否正常 {status: ok, loop: 0, data: Object}
[2026-06-13T03:49:17.470Z] [log] %c
                     //
         \\         //
          \\       //
    ##DDDDDDDDDDDDDDDDDDDDDD##
    ## DDDDDDDDDDDDDDDDDDDD ##   ________   ___   ___        ___   ________   ___   ___        ___
    ## hh                hh ##   |\   __  \ |\  \ |\  \      |\  \ |\   __  \ |\  \ |\  \      |\  \
    ## hh    //    \\    hh ##   \ \  \|\ /_\ \  \\ \  \     \ \  \\ \  \|\ /_\ \  \\ \  \     \ \  \
    ## hh   //      \\   hh ##    \ \   __  \\ \  \\ \  \     \ \  \\ \   __  \\ \  \\ \  \     \ \  \
    ## hh                hh ##     \ \  \|\  \\ \  \\ \  \____ \ \  \\ \  \|\  \\ \  \\ \  \____ \ \  \
    ## hh      wwww      hh ##      \ \_______\\ \__\\ \_______\\ \__\\ \_______\\ \__\\ \_______\\ \__\
    ## hh                hh ##       \|_______| \|__| \|_______| \|__| \|_______| \|__| \|_______| \|__|
    ## MMMMMMMMMMMMMMMMMMMM ##
    ##MMMMMMMMMMMMMMMMMMMMMM##                                          Release undefined@no release yet
         \/            \/                                       Powered by @bilibili/jinkela-core@2.8.14 color:#00a1d6
[2026-06-13T03:49:20.439Z] [info] %c%s line-height: 30px; color: #FF6699 bili-fe-fp: 1.1.4
[2026-06-13T03:49:20.471Z] [info] %c bili-fe-mirror %c v2.1.0  padding: 2px 6px; border-radius: 3px 0 0 3px; color: #fff; background: #FF6699; font-weight: bold; padding: 2px 6px; border-radius: 0 3px 3px 0; color: #fff; background: #FF9999; font-weight: bold;
[2026-06-13T03:49:20.471Z] [log] 白屏检测是否正常 {status: ok, loop: 0, data: Object}
[2026-06-13T03:49:20.810Z] [log] %c
                     //
         \\         //
          \\       //
    ##DDDDDDDDDDDDDDDDDDDDDD##
    ## DDDDDDDDDDDDDDDDDDDD ##   ________   ___   ___        ___   ________   ___   ___        ___
    ## hh                hh ##   |\   __  \ |\  \ |\  \      |\  \ |\   __  \ |\  \ |\  \      |\  \
    ## hh    //    \\    hh ##   \ \  \|\ /_\ \  \\ \  \     \ \  \\ \  \|\ /_\ \  \\ \  \     \ \  \
    ## hh   //      \\   hh ##    \ \   __  \\ \  \\ \  \     \ \  \\ \   __  \\ \  \\ \  \     \ \  \
    ## hh                hh ##     \ \  \|\  \\ \  \\ \  \____ \ \  \\ \  \|\  \\ \  \\ \  \____ \ \  \
    ## hh      wwww      hh ##      \ \_______\\ \__\\ \_______\\ \__\\ \_______\\ \__\\ \_______\\ \__\
    ## hh                hh ##       \|_______| \|__| \|_______| \|__| \|_______| \|__| \|_______| \|__|
    ## MMMMMMMMMMMMMMMMMMMM ##
    ##MMMMMMMMMMMMMMMMMMMMMM##                                          Release undefined@no release yet
         \/            \/                                       Powered by @bilibili/jinkela-core@2.8.14 color:#00a1d6
[2026-06-13T03:49:24.092Z] [info] %c%s line-height: 30px; color: #FF6699 bili-fe-fp: 1.1.4
[2026-06-13T03:49:24.145Z] [info] %c bili-fe-mirror %c v2.1.0  padding: 2px 6px; border-radius: 3px 0 0 3px; color: #fff; background: #FF6699; font-weight: bold; padding: 2px 6px; border-radius: 0 3px 3px 0; color: #fff; background: #FF9999; font-weight: bold;
[2026-06-13T03:49:24.145Z] [log] 白屏检测是否正常 {status: ok, loop: 0, data: Object}
[2026-06-13T03:49:24.372Z] [log] %c
                     //
         \\         //
          \\       //
    ##DDDDDDDDDDDDDDDDDDDDDD##
    ## DDDDDDDDDDDDDDDDDDDD ##   ________   ___   ___        ___   ________   ___   ___        ___
    ## hh                hh ##   |\   __  \ |\  \ |\  \      |\  \ |\   __  \ |\  \ |\  \      |\  \
    ## hh    //    \\    hh ##   \ \  \|\ /_\ \  \\ \  \     \ \  \\ \  \|\ /_\ \  \\ \  \     \ \  \
    ## hh   //      \\   hh ##    \ \   __  \\ \  \\ \  \     \ \  \\ \   __  \\ \  \\ \  \     \ \  \
    ## hh                hh ##     \ \  \|\  \\ \  \\ \  \____ \ \  \\ \  \|\  \\ \  \\ \  \____ \ \  \
    ## hh      wwww      hh ##      \ \_______\\ \__\\ \_______\\ \__\\ \_______\\ \__\\ \_______\\ \__\
    ## hh                hh ##       \|_______| \|__| \|_______| \|__| \|_______| \|__| \|_______| \|__|
    ## MMMMMMMMMMMMMMMMMMMM ##
    ##MMMMMMMMMMMMMMMMMMMMMM##                                          Release undefined@no release yet
         \/            \/                                       Powered by @bilibili/jinkela-core@2.8.14 color:#00a1d6
[2026-06-13T03:49:27.760Z] [info] %c%s line-height: 30px; color: #FF6699 bili-fe-fp: 1.1.4
[2026-06-13T03:49:27.808Z] [info] %c bili-fe-mirror %c v2.1.0  padding: 2px 6px; border-radius: 3px 0 0 3px; color: #fff; background: #FF6699; font-weight: bold; padding: 2px 6px; border-radius: 0 3px 3px 0; color: #fff; background: #FF9999; font-weight: bold;
[2026-06-13T03:49:27.808Z] [log] 白屏检测是否正常 {status: ok, loop: 0, data: Object}
[2026-06-13T03:49:28.213Z] [log] %c
                     //
         \\         //
          \\       //
    ##DDDDDDDDDDDDDDDDDDDDDD##
    ## DDDDDDDDDDDDDDDDDDDD ##   ________   ___   ___        ___   ________   ___   ___        ___
    ## hh                hh ##   |\   __  \ |\  \ |\  \      |\  \ |\   __  \ |\  \ |\  \      |\  \
    ## hh    //    \\    hh ##   \ \  \|\ /_\ \  \\ \  \     \ \  \\ \  \|\ /_\ \  \\ \  \     \ \  \
    ## hh   //      \\   hh ##    \ \   __  \\ \  \\ \  \     \ \  \\ \   __  \\ \  \\ \  \     \ \  \
    ## hh                hh ##     \ \  \|\  \\ \  \\ \  \____ \ \  \\ \  \|\  \\ \  \\ \  \____ \ \  \
    ## hh      wwww      hh ##      \ \_______\\ \__\\ \_______\\ \__\\ \_______\\ \__\\ \_______\\ \__\
    ## hh                hh ##       \|_______| \|__| \|_______| \|__| \|_______| \|__| \|_______| \|__|
    ## MMMMMMMMMMMMMMMMMMMM ##
    ##MMMMMMMMMMMMMMMMMMMMMM##                                          Release undefined@no release yet
         \/            \/                                       Powered by @bilibili/jinkela-core@2.8.14 color:#00a1d6
[2026-06-13T03:49:31.433Z] [info] %c%s line-height: 30px; color: #FF6699 bili-fe-fp: 1.1.4
[2026-06-13T03:49:31.482Z] [info] %c bili-fe-mirror %c v2.1.0  padding: 2px 6px; border-radius: 3px 0 0 3px; color: #fff; background: #FF6699; font-weight: bold; padding: 2px 6px; border-radius: 0 3px 3px 0; color: #fff; background: #FF9999; font-weight: bold;
[2026-06-13T03:49:31.482Z] [log] 白屏检测是否正常 {status: ok, loop: 0, data: Object}
[2026-06-13T03:49:31.791Z] [log] %c
                     //
         \\         //
          \\       //
    ##DDDDDDDDDDDDDDDDDDDDDD##
    ## DDDDDDDDDDDDDDDDDDDD ##   ________   ___   ___        ___   ________   ___   ___        ___
    ## hh                hh ##   |\   __  \ |\  \ |\  \      |\  \ |\   __  \ |\  \ |\  \      |\  \
    ## hh    //    \\    hh ##   \ \  \|\ /_\ \  \\ \  \     \ \  \\ \  \|\ /_\ \  \\ \  \     \ \  \
    ## hh   //      \\   hh ##    \ \   __  \\ \  \\ \  \     \ \  \\ \   __  \\ \  \\ \  \     \ \  \
    ## hh                hh ##     \ \  \|\  \\ \  \\ \  \____ \ \  \\ \  \|\  \\ \  \\ \  \____ \ \  \
    ## hh      wwww      hh ##      \ \_______\\ \__\\ \_______\\ \__\\ \_______\\ \__\\ \_______\\ \__\
    ## hh                hh ##       \|_______| \|__| \|_______| \|__| \|_______| \|__| \|_______| \|__|
    ## MMMMMMMMMMMMMMMMMMMM ##
    ##MMMMMMMMMMMMMMMMMMMMMM##                                          Release undefined@no release yet
         \/            \/                                       Powered by @bilibili/jinkela-core@2.8.14 color:#00a1d6
[2026-06-13T03:49:35.129Z] [info] %c%s line-height: 30px; color: #FF6699 bili-fe-fp: 1.1.4
[2026-06-13T03:49:35.164Z] [info] %c bili-fe-mirror %c v2.1.0  padding: 2px 6px; border-radius: 3px 0 0 3px; color: #fff; background: #FF6699; font-weight: bold; padding: 2px 6px; border-radius: 0 3px 3px 0; color: #fff; background: #FF9999; font-weight: bold;
[2026-06-13T03:49:35.164Z] [log] 白屏检测是否正常 {status: ok, loop: 0, data: Object}
[2026-06-13T03:49:35.479Z] [log] %c
                     //
         \\         //
          \\       //
    ##DDDDDDDDDDDDDDDDDDDDDD##
    ## DDDDDDDDDDDDDDDDDDDD ##   ________   ___   ___        ___   ________   ___   ___        ___
    ## hh                hh ##   |\   __  \ |\  \ |\  \      |\  \ |\   __  \ |\  \ |\  \      |\  \
    ## hh    //    \\    hh ##   \ \  \|\ /_\ \  \\ \  \     \ \  \\ \  \|\ /_\ \  \\ \  \     \ \  \
    ## hh   //      \\   hh ##    \ \   __  \\ \  \\ \  \     \ \  \\ \   __  \\ \  \\ \  \     \ \  \
    ## hh                hh ##     \ \  \|\  \\ \  \\ \  \____ \ \  \\ \  \|\  \\ \  \\ \  \____ \ \  \
    ## hh      wwww      hh ##      \ \_______\\ \__\\ \_______\\ \__\\ \_______\\ \__\\ \_______\\ \__\
    ## hh                hh ##       \|_______| \|__| \|_______| \|__| \|_______| \|__| \|_______| \|__|
    ## MMMMMMMMMMMMMMMMMMMM ##
    ##MMMMMMMMMMMMMMMMMMMMMM##                                          Release undefined@no release yet
         \/            \/                                       Powered by @bilibili/jinkela-core@2.8.14 color:#00a1d6
[2026-06-13T03:49:38.846Z] [info] %c%s line-height: 30px; color: #FF6699 bili-fe-fp: 1.1.4
[2026-06-13T03:49:38.877Z] [info] %c bili-fe-mirror %c v2.1.0  padding: 2px 6px; border-radius: 3px 0 0 3px; color: #fff; background: #FF6699; font-weight: bold; padding: 2px 6px; border-radius: 0 3px 3px 0; color: #fff; background: #FF9999; font-weight: bold;
[2026-06-13T03:49:38.877Z] [log] 白屏检测是否正常 {status: ok, loop: 0, data: Object}
[2026-06-13T03:49:39.258Z] [log] %c
                     //
         \\         //
          \\       //
    ##DDDDDDDDDDDDDDDDDDDDDD##
    ## DDDDDDDDDDDDDDDDDDDD ##   ________   ___   ___        ___   ________   ___   ___        ___
    ## hh                hh ##   |\   __  \ |\  \ |\  \      |\  \ |\   __  \ |\  \ |\  \      |\  \
    ## hh    //    \\    hh ##   \ \  \|\ /_\ \  \\ \  \     \ \  \\ \  \|\ /_\ \  \\ \  \     \ \  \
    ## hh   //      \\   hh ##    \ \   __  \\ \  \\ \  \     \ \  \\ \   __  \\ \  \\ \  \     \ \  \
    ## hh                hh ##     \ \  \|\  \\ \  \\ \  \____ \ \  \\ \  \|\  \\ \  \\ \  \____ \ \  \
    ## hh      wwww      hh ##      \ \_______\\ \__\\ \_______\\ \__\\ \_______\\ \__\\ \_______\\ \__\
    ## hh                hh ##       \|_______| \|__| \|_______| \|__| \|_______| \|__| \|_______| \|__|
    ## MMMMMMMMMMMMMMMMMMMM ##
    ##MMMMMMMMMMMMMMMMMMMMMM##                                          Release undefined@no release yet
         \/            \/                                       Powered by @bilibili/jinkela-core@2.8.14 color:#00a1d6
[2026-06-13T03:49:42.541Z] [info] %c%s line-height: 30px; color: #FF6699 bili-fe-fp: 1.1.4
[2026-06-13T03:49:42.566Z] [info] %c bili-fe-mirror %c v2.1.0  padding: 2px 6px; border-radius: 3px 0 0 3px; color: #fff; background: #FF6699; font-weight: bold; padding: 2px 6px; border-radius: 0 3px 3px 0; color: #fff; background: #FF9999; font-weight: bold;
[2026-06-13T03:49:42.566Z] [log] 白屏检测是否正常 {status: ok, loop: 0, data: Object}
[2026-06-13T03:49:43.144Z] [log] %c
                     //
         \\         //
          \\       //
    ##DDDDDDDDDDDDDDDDDDDDDD##
    ## DDDDDDDDDDDDDDDDDDDD ##   ________   ___   ___        ___   ________   ___   ___        ___
    ## hh                hh ##   |\   __  \ |\  \ |\  \      |\  \ |\   __  \ |\  \ |\  \      |\  \
    ## hh    //    \\    hh ##   \ \  \|\ /_\ \  \\ \  \     \ \  \\ \  \|\ /_\ \  \\ \  \     \ \  \
    ## hh   //      \\   hh ##    \ \   __  \\ \  \\ \  \     \ \  \\ \   __  \\ \  \\ \  \     \ \  \
    ## hh                hh ##     \ \  \|\  \\ \  \\ \  \____ \ \  \\ \  \|\  \\ \  \\ \  \____ \ \  \
    ## hh      wwww      hh ##      \ \_______\\ \__\\ \_______\\ \__\\ \_______\\ \__\\ \_______\\ \__\
    ## hh                hh ##       \|_______| \|__| \|_______| \|__| \|_______| \|__| \|_______| \|__|
    ## MMMMMMMMMMMMMMMMMMMM ##
    ##MMMMMMMMMMMMMMMMMMMMMM##                                          Release undefined@no release yet
         \/            \/                                       Powered by @bilibili/jinkela-core@2.8.14 color:#00a1d6
[2026-06-13T03:49:43.221Z] [error] Failed to load resource: net::ERR_CONNECTION_CLOSED
[2026-06-13T03:49:46.139Z] [info] %c%s line-height: 30px; color: #FF6699 bili-fe-fp: 1.1.4
[2026-06-13T03:49:46.149Z] [info] %c%s line-height: 30px; color: #FF6699 bili-fe-fp: 1.1.4
[2026-06-13T03:49:46.157Z] [info] %c bili-fe-mirror %c v2.1.0  padding: 2px 6px; border-radius: 3px 0 0 3px; color: #fff; background: #FF6699; font-weight: bold; padding: 2px 6px; border-radius: 0 3px 3px 0; color: #fff; background: #FF9999; font-weight: bold;
[2026-06-13T03:49:46.157Z] [log] 白屏检测是否正常 {status: ok, loop: 0, data: Object}
[2026-06-13T03:49:46.555Z] [log] %c
                     //
         \\         //
          \\       //
    ##DDDDDDDDDDDDDDDDDDDDDD##
    ## DDDDDDDDDDDDDDDDDDDD ##   ________   ___   ___        ___   ________   ___   ___        ___
    ## hh                hh ##   |\   __  \ |\  \ |\  \      |\  \ |\   __  \ |\  \ |\  \      |\  \
    ## hh    //    \\    hh ##   \ \  \|\ /_\ \  \\ \  \     \ \  \\ \  \|\ /_\ \  \\ \  \     \ \  \
    ## hh   //      \\   hh ##    \ \   __  \\ \  \\ \  \     \ \  \\ \   __  \\ \  \\ \  \     \ \  \
    ## hh                hh ##     \ \  \|\  \\ \  \\ \  \____ \ \  \\ \  \|\  \\ \  \\ \  \____ \ \  \
    ## hh      wwww      hh ##      \ \_______\\ \__\\ \_______\\ \__\\ \_______\\ \__\\ \_______\\ \__\
    ## hh                hh ##       \|_______| \|__| \|_______| \|__| \|_______| \|__| \|_______| \|__|
    ## MMMMMMMMMMMMMMMMMMMM ##
    ##MMMMMMMMMMMMMMMMMMMMMM##                                          Release undefined@no release yet
         \/            \/                                       Powered by @bilibili/jinkela-core@2.8.14 color:#00a1d6
[2026-06-13T03:49:49.781Z] [info] %c%s line-height: 30px; color: #FF6699 bili-fe-fp: 1.1.4
[2026-06-13T03:49:49.830Z] [info] %c bili-fe-mirror %c v2.1.0  padding: 2px 6px; border-radius: 3px 0 0 3px; color: #fff; background: #FF6699; font-weight: bold; padding: 2px 6px; border-radius: 0 3px 3px 0; color: #fff; background: #FF9999; font-weight: bold;
[2026-06-13T03:49:49.830Z] [log] 白屏检测是否正常 {status: ok, loop: 0, data: Object}
[2026-06-13T03:49:50.230Z] [log] %c
                     //
         \\         //
          \\       //
    ##DDDDDDDDDDDDDDDDDDDDDD##
    ## DDDDDDDDDDDDDDDDDDDD ##   ________   ___   ___        ___   ________   ___   ___        ___
    ## hh                hh ##   |\   __  \ |\  \ |\  \      |\  \ |\   __  \ |\  \ |\  \      |\  \
    ## hh    //    \\    hh ##   \ \  \|\ /_\ \  \\ \  \     \ \  \\ \  \|\ /_\ \  \\ \  \     \ \  \
    ## hh   //      \\   hh ##    \ \   __  \\ \  \\ \  \     \ \  \\ \   __  \\ \  \\ \  \     \ \  \
    ## hh                hh ##     \ \  \|\  \\ \  \\ \  \____ \ \  \\ \  \|\  \\ \  \\ \  \____ \ \  \
    ## hh      wwww      hh ##      \ \_______\\ \__\\ \_______\\ \__\\ \_______\\ \__\\ \_______\\ \__\
    ## hh                hh ##       \|_______| \|__| \|_______| \|__| \|_______| \|__| \|_______| \|__|
    ## MMMMMMMMMMMMMMMMMMMM ##
    ##MMMMMMMMMMMMMMMMMMMMMM##                                          Release undefined@no release yet
         \/            \/                                       Powered by @bilibili/jinkela-core@2.8.14 color:#00a1d6
[2026-06-13T03:49:53.440Z] [info] %c%s line-height: 30px; color: #FF6699 bili-fe-fp: 1.1.4
[2026-06-13T03:49:53.487Z] [info] %c bili-fe-mirror %c v2.1.0  padding: 2px 6px; border-radius: 3px 0 0 3px; color: #fff; background: #FF6699; font-weight: bold; padding: 2px 6px; border-radius: 0 3px 3px 0; color: #fff; background: #FF9999; font-weight: bold;
[2026-06-13T03:49:53.487Z] [log] 白屏检测是否正常 {status: ok, loop: 0, data: Object}
[2026-06-13T03:49:53.830Z] [log] %c
                     //
         \\         //
          \\       //
    ##DDDDDDDDDDDDDDDDDDDDDD##
    ## DDDDDDDDDDDDDDDDDDDD ##   ________   ___   ___        ___   ________   ___   ___        ___
    ## hh                hh ##   |\   __  \ |\  \ |\  \      |\  \ |\   __  \ |\  \ |\  \      |\  \
    ## hh    //    \\    hh ##   \ \  \|\ /_\ \  \\ \  \     \ \  \\ \  \|\ /_\ \  \\ \  \     \ \  \
    ## hh   //      \\   hh ##    \ \   __  \\ \  \\ \  \     \ \  \\ \   __  \\ \  \\ \  \     \ \  \
    ## hh                hh ##     \ \  \|\  \\ \  \\ \  \____ \ \  \\ \  \|\  \\ \  \\ \  \____ \ \  \
    ## hh      wwww      hh ##      \ \_______\\ \__\\ \_______\\ \__\\ \_______\\ \__\\ \_______\\ \__\
    ## hh                hh ##       \|_______| \|__| \|_______| \|__| \|_______| \|__| \|_______| \|__|
    ## MMMMMMMMMMMMMMMMMMMM ##
    ##MMMMMMMMMMMMMMMMMMMMMM##                                          Release undefined@no release yet
         \/            \/                                       Powered by @bilibili/jinkela-core@2.8.14 color:#00a1d6
[2026-06-13T03:49:57.121Z] [info] %c%s line-height: 30px; color: #FF6699 bili-fe-fp: 1.1.4
[2026-06-13T03:49:57.170Z] [info] %c bili-fe-mirror %c v2.1.0  padding: 2px 6px; border-radius: 3px 0 0 3px; color: #fff; background: #FF6699; font-weight: bold; padding: 2px 6px; border-radius: 0 3px 3px 0; color: #fff; background: #FF9999; font-weight: bold;
[2026-06-13T03:49:57.171Z] [log] 白屏检测是否正常 {status: ok, loop: 0, data: Object}
[2026-06-13T03:49:57.894Z] [log] %c
                     //
         \\         //
          \\       //
    ##DDDDDDDDDDDDDDDDDDDDDD##
    ## DDDDDDDDDDDDDDDDDDDD ##   ________   ___   ___        ___   ________   ___   ___        ___
    ## hh                hh ##   |\   __  \ |\  \ |\  \      |\  \ |\   __  \ |\  \ |\  \      |\  \
    ## hh    //    \\    hh ##   \ \  \|\ /_\ \  \\ \  \     \ \  \\ \  \|\ /_\ \  \\ \  \     \ \  \
    ## hh   //      \\   hh ##    \ \   __  \\ \  \\ \  \     \ \  \\ \   __  \\ \  \\ \  \     \ \  \
    ## hh                hh ##     \ \  \|\  \\ \  \\ \  \____ \ \  \\ \  \|\  \\ \  \\ \  \____ \ \  \
    ## hh      wwww      hh ##      \ \_______\\ \__\\ \_______\\ \__\\ \_______\\ \__\\ \_______\\ \__\
    ## hh                hh ##       \|_______| \|__| \|_______| \|__| \|_______| \|__| \|_______| \|__|
    ## MMMMMMMMMMMMMMMMMMMM ##
    ##MMMMMMMMMMMMMMMMMMMMMM##                                          Release undefined@no release yet
         \/            \/                                       Powered by @bilibili/jinkela-core@2.8.14 color:#00a1d6
[2026-06-13T03:50:00.788Z] [info] %c%s line-height: 30px; color: #FF6699 bili-fe-fp: 1.1.4
[2026-06-13T03:50:00.842Z] [info] %c bili-fe-mirror %c v2.1.0  padding: 2px 6px; border-radius: 3px 0 0 3px; color: #fff; background: #FF6699; font-weight: bold; padding: 2px 6px; border-radius: 0 3px 3px 0; color: #fff; background: #FF9999; font-weight: bold;
[2026-06-13T03:50:00.842Z] [log] 白屏检测是否正常 {status: ok, loop: 0, data: Object}
[2026-06-13T03:50:01.369Z] [log] %c
                     //
         \\         //
          \\       //
    ##DDDDDDDDDDDDDDDDDDDDDD##
    ## DDDDDDDDDDDDDDDDDDDD ##   ________   ___   ___        ___   ________   ___   ___        ___
    ## hh                hh ##   |\   __  \ |\  \ |\  \      |\  \ |\   __  \ |\  \ |\  \      |\  \
    ## hh    //    \\    hh ##   \ \  \|\ /_\ \  \\ \  \     \ \  \\ \  \|\ /_\ \  \\ \  \     \ \  \
    ## hh   //      \\   hh ##    \ \   __  \\ \  \\ \  \     \ \  \\ \   __  \\ \  \\ \  \     \ \  \
    ## hh                hh ##     \ \  \|\  \\ \  \\ \  \____ \ \  \\ \  \|\  \\ \  \\ \  \____ \ \  \
    ## hh      wwww      hh ##      \ \_______\\ \__\\ \_______\\ \__\\ \_______\\ \__\\ \_______\\ \__\
    ## hh                hh ##       \|_______| \|__| \|_______| \|__| \|_______| \|__| \|_______| \|__|
    ## MMMMMMMMMMMMMMMMMMMM ##
    ##MMMMMMMMMMMMMMMMMMMMMM##                                          Release undefined@no release yet
         \/            \/                                       Powered by @bilibili/jinkela-core@2.8.14 color:#00a1d6
[2026-06-13T03:50:04.524Z] [info] %c%s line-height: 30px; color: #FF6699 bili-fe-fp: 1.1.4
[2026-06-13T03:50:04.549Z] [info] %c bili-fe-mirror %c v2.1.0  padding: 2px 6px; border-radius: 3px 0 0 3px; color: #fff; background: #FF6699; font-weight: bold; padding: 2px 6px; border-radius: 0 3px 3px 0; color: #fff; background: #FF9999; font-weight: bold;
[2026-06-13T03:50:04.549Z] [log] 白屏检测是否正常 {status: ok, loop: 0, data: Object}
[2026-06-13T03:50:05.063Z] [log] %c
                     //
         \\         //
          \\       //
    ##DDDDDDDDDDDDDDDDDDDDDD##
    ## DDDDDDDDDDDDDDDDDDDD ##   ________   ___   ___        ___   ________   ___   ___        ___
    ## hh                hh ##   |\   __  \ |\  \ |\  \      |\  \ |\   __  \ |\  \ |\  \      |\  \
    ## hh    //    \\    hh ##   \ \  \|\ /_\ \  \\ \  \     \ \  \\ \  \|\ /_\ \  \\ \  \     \ \  \
    ## hh   //      \\   hh ##    \ \   __  \\ \  \\ \  \     \ \  \\ \   __  \\ \  \\ \  \     \ \  \
    ## hh                hh ##     \ \  \|\  \\ \  \\ \  \____ \ \  \\ \  \|\  \\ \  \\ \  \____ \ \  \
    ## hh      wwww      hh ##      \ \_______\\ \__\\ \_______\\ \__\\ \_______\\ \__\\ \_______\\ \__\
    ## hh                hh ##       \|_______| \|__| \|_______| \|__| \|_______| \|__| \|_______| \|__|
    ## MMMMMMMMMMMMMMMMMMMM ##
    ##MMMMMMMMMMMMMMMMMMMMMM##                                          Release undefined@no release yet
         \/            \/                                       Powered by @bilibili/jinkela-core@2.8.14 color:#00a1d6
[2026-06-13T03:50:08.176Z] [info] %c%s line-height: 30px; color: #FF6699 bili-fe-fp: 1.1.4
[2026-06-13T03:50:08.206Z] [info] %c bili-fe-mirror %c v2.1.0  padding: 2px 6px; border-radius: 3px 0 0 3px; color: #fff; background: #FF6699; font-weight: bold; padding: 2px 6px; border-radius: 0 3px 3px 0; color: #fff; background: #FF9999; font-weight: bold;
[2026-06-13T03:50:08.206Z] [log] 白屏检测是否正常 {status: ok, loop: 0, data: Object}
[2026-06-13T03:50:08.826Z] [log] %c
                     //
         \\         //
          \\       //
    ##DDDDDDDDDDDDDDDDDDDDDD##
    ## DDDDDDDDDDDDDDDDDDDD ##   ________   ___   ___        ___   ________   ___   ___        ___
    ## hh                hh ##   |\   __  \ |\  \ |\  \      |\  \ |\   __  \ |\  \ |\  \      |\  \
    ## hh    //    \\    hh ##   \ \  \|\ /_\ \  \\ \  \     \ \  \\ \  \|\ /_\ \  \\ \  \     \ \  \
    ## hh   //      \\   hh ##    \ \   __  \\ \  \\ \  \     \ \  \\ \   __  \\ \  \\ \  \     \ \  \
    ## hh                hh ##     \ \  \|\  \\ \  \\ \  \____ \ \  \\ \  \|\  \\ \  \\ \  \____ \ \  \
    ## hh      wwww      hh ##      \ \_______\\ \__\\ \_______\\ \__\\ \_______\\ \__\\ \_______\\ \__\
    ## hh                hh ##       \|_______| \|__| \|_______| \|__| \|_______| \|__| \|_______| \|__|
    ## MMMMMMMMMMMMMMMMMMMM ##
    ##MMMMMMMMMMMMMMMMMMMMMM##                                          Release undefined@no release yet
         \/            \/                                       Powered by @bilibili/jinkela-core@2.8.14 color:#00a1d6
[2026-06-13T03:50:11.810Z] [info] %c%s line-height: 30px; color: #FF6699 bili-fe-fp: 1.1.4
[2026-06-13T03:50:11.865Z] [info] %c bili-fe-mirror %c v2.1.0  padding: 2px 6px; border-radius: 3px 0 0 3px; color: #fff; background: #FF6699; font-weight: bold; padding: 2px 6px; border-radius: 0 3px 3px 0; color: #fff; background: #FF9999; font-weight: bold;
[2026-06-13T03:50:11.865Z] [log] 白屏检测是否正常 {status: ok, loop: 0, data: Object}
[2026-06-13T03:50:12.091Z] [log] %c
                     //
         \\         //
          \\       //
    ##DDDDDDDDDDDDDDDDDDDDDD##
    ## DDDDDDDDDDDDDDDDDDDD ##   ________   ___   ___        ___   ________   ___   ___        ___
    ## hh                hh ##   |\   __  \ |\  \ |\  \      |\  \ |\   __  \ |\  \ |\  \      |\  \
    ## hh    //    \\    hh ##   \ \  \|\ /_\ \  \\ \  \     \ \  \\ \  \|\ /_\ \  \\ \  \     \ \  \
    ## hh   //      \\   hh ##    \ \   __  \\ \  \\ \  \     \ \  \\ \   __  \\ \  \\ \  \     \ \  \
    ## hh                hh ##     \ \  \|\  \\ \  \\ \  \____ \ \  \\ \  \|\  \\ \  \\ \  \____ \ \  \
    ## hh      wwww      hh ##      \ \_______\\ \__\\ \_______\\ \__\\ \_______\\ \__\\ \_______\\ \__\
    ## hh                hh ##       \|_______| \|__| \|_______| \|__| \|_______| \|__| \|_______| \|__|
    ## MMMMMMMMMMMMMMMMMMMM ##
    ##MMMMMMMMMMMMMMMMMMMMMM##                                          Release undefined@no release yet
         \/            \/                                       Powered by @bilibili/jinkela-core@2.8.14 color:#00a1d6
[2026-06-13T03:50:15.694Z] [info] %c%s line-height: 30px; color: #FF6699 bili-fe-fp: 1.1.4
[2026-06-13T03:50:15.740Z] [info] %c bili-fe-mirror %c v2.1.0  padding: 2px 6px; border-radius: 3px 0 0 3px; color: #fff; background: #FF6699; font-weight: bold; padding: 2px 6px; border-radius: 0 3px 3px 0; color: #fff; background: #FF9999; font-weight: bold;
[2026-06-13T03:50:15.741Z] [log] 白屏检测是否正常 {status: ok, loop: 0, data: Object}
[2026-06-13T03:50:16.055Z] [log] %c
                     //
         \\         //
          \\       //
    ##DDDDDDDDDDDDDDDDDDDDDD##
    ## DDDDDDDDDDDDDDDDDDDD ##   ________   ___   ___        ___   ________   ___   ___        ___
    ## hh                hh ##   |\   __  \ |\  \ |\  \      |\  \ |\   __  \ |\  \ |\  \      |\  \
    ## hh    //    \\    hh ##   \ \  \|\ /_\ \  \\ \  \     \ \  \\ \  \|\ /_\ \  \\ \  \     \ \  \
    ## hh   //      \\   hh ##    \ \   __  \\ \  \\ \  \     \ \  \\ \   __  \\ \  \\ \  \     \ \  \
    ## hh                hh ##     \ \  \|\  \\ \  \\ \  \____ \ \  \\ \  \|\  \\ \  \\ \  \____ \ \  \
    ## hh      wwww      hh ##      \ \_______\\ \__\\ \_______\\ \__\\ \_______\\ \__\\ \_______\\ \__\
    ## hh                hh ##       \|_______| \|__| \|_______| \|__| \|_______| \|__| \|_______| \|__|
    ## MMMMMMMMMMMMMMMMMMMM ##
    ##MMMMMMMMMMMMMMMMMMMMMM##                                          Release undefined@no release yet
         \/            \/                                       Powered by @bilibili/jinkela-core@2.8.14 color:#00a1d6
[2026-06-13T03:50:19.484Z] [info] %c%s line-height: 30px; color: #FF6699 bili-fe-fp: 1.1.4
[2026-06-13T03:50:19.622Z] [info] %c bili-fe-mirror %c v2.1.0  padding: 2px 6px; border-radius: 3px 0 0 3px; color: #fff; background: #FF6699; font-weight: bold; padding: 2px 6px; border-radius: 0 3px 3px 0; color: #fff; background: #FF9999; font-weight: bold;
[2026-06-13T03:50:19.622Z] [log] 白屏检测是否正常 {status: ok, loop: 0, data: Object}
[2026-06-13T03:50:20.452Z] [log] %c
                     //
         \\         //
          \\       //
    ##DDDDDDDDDDDDDDDDDDDDDD##
    ## DDDDDDDDDDDDDDDDDDDD ##   ________   ___   ___        ___   ________   ___   ___        ___
    ## hh                hh ##   |\   __  \ |\  \ |\  \      |\  \ |\   __  \ |\  \ |\  \      |\  \
    ## hh    //    \\    hh ##   \ \  \|\ /_\ \  \\ \  \     \ \  \\ \  \|\ /_\ \  \\ \  \     \ \  \
    ## hh   //      \\   hh ##    \ \   __  \\ \  \\ \  \     \ \  \\ \   __  \\ \  \\ \  \     \ \  \
    ## hh                hh ##     \ \  \|\  \\ \  \\ \  \____ \ \  \\ \  \|\  \\ \  \\ \  \____ \ \  \
    ## hh      wwww      hh ##      \ \_______\\ \__\\ \_______\\ \__\\ \_______\\ \__\\ \_______\\ \__\
    ## hh                hh ##       \|_______| \|__| \|_______| \|__| \|_______| \|__| \|_______| \|__|
    ## MMMMMMMMMMMMMMMMMMMM ##
    ##MMMMMMMMMMMMMMMMMMMMMM##                                          Release undefined@no release yet
         \/            \/                                       Powered by @bilibili/jinkela-core@2.8.14 color:#00a1d6
[2026-06-13T03:50:23.145Z] [info] %c%s line-height: 30px; color: #FF6699 bili-fe-fp: 1.1.4
[2026-06-13T03:50:23.319Z] [info] %c bili-fe-mirror %c v2.1.0  padding: 2px 6px; border-radius: 3px 0 0 3px; color: #fff; background: #FF6699; font-weight: bold; padding: 2px 6px; border-radius: 0 3px 3px 0; color: #fff; background: #FF9999; font-weight: bold;
[2026-06-13T03:50:23.319Z] [log] 白屏检测是否正常 {status: ok, loop: 0, data: Object}
[2026-06-13T03:50:23.577Z] [log] %c
                     //
         \\         //
          \\       //
    ##DDDDDDDDDDDDDDDDDDDDDD##
    ## DDDDDDDDDDDDDDDDDDDD ##   ________   ___   ___        ___   ________   ___   ___        ___
    ## hh                hh ##   |\   __  \ |\  \ |\  \      |\  \ |\   __  \ |\  \ |\  \      |\  \
    ## hh    //    \\    hh ##   \ \  \|\ /_\ \  \\ \  \     \ \  \\ \  \|\ /_\ \  \\ \  \     \ \  \
    ## hh   //      \\   hh ##    \ \   __  \\ \  \\ \  \     \ \  \\ \   __  \\ \  \\ \  \     \ \  \
    ## hh                hh ##     \ \  \|\  \\ \  \\ \  \____ \ \  \\ \  \|\  \\ \  \\ \  \____ \ \  \
    ## hh      wwww      hh ##      \ \_______\\ \__\\ \_______\\ \__\\ \_______\\ \__\\ \_______\\ \__\
    ## hh                hh ##       \|_______| \|__| \|_______| \|__| \|_______| \|__| \|_______| \|__|
    ## MMMMMMMMMMMMMMMMMMMM ##
    ##MMMMMMMMMMMMMMMMMMMMMM##                                          Release undefined@no release yet
         \/            \/                                       Powered by @bilibili/jinkela-core@2.8.14 color:#00a1d6
[2026-06-13T03:50:26.840Z] [info] %c%s line-height: 30px; color: #FF6699 bili-fe-fp: 1.1.4
[2026-06-13T03:50:26.945Z] [info] %c bili-fe-mirror %c v2.1.0  padding: 2px 6px; border-radius: 3px 0 0 3px; color: #fff; background: #FF6699; font-weight: bold; padding: 2px 6px; border-radius: 0 3px 3px 0; color: #fff; background: #FF9999; font-weight: bold;
[2026-06-13T03:50:26.945Z] [log] 白屏检测是否正常 {status: ok, loop: 0, data: Object}
[2026-06-13T03:50:27.763Z] [log] %c
                     //
         \\         //
          \\       //
    ##DDDDDDDDDDDDDDDDDDDDDD##
    ## DDDDDDDDDDDDDDDDDDDD ##   ________   ___   ___        ___   ________   ___   ___        ___
    ## hh                hh ##   |\   __  \ |\  \ |\  \      |\  \ |\   __  \ |\  \ |\  \      |\  \
    ## hh    //    \\    hh ##   \ \  \|\ /_\ \  \\ \  \     \ \  \\ \  \|\ /_\ \  \\ \  \     \ \  \
    ## hh   //      \\   hh ##    \ \   __  \\ \  \\ \  \     \ \  \\ \   __  \\ \  \\ \  \     \ \  \
    ## hh                hh ##     \ \  \|\  \\ \  \\ \  \____ \ \  \\ \  \|\  \\ \  \\ \  \____ \ \  \
    ## hh      wwww      hh ##      \ \_______\\ \__\\ \_______\\ \__\\ \_______\\ \__\\ \_______\\ \__\
    ## hh                hh ##       \|_______| \|__| \|_______| \|__| \|_______| \|__| \|_______| \|__|
    ## MMMMMMMMMMMMMMMMMMMM ##
    ##MMMMMMMMMMMMMMMMMMMMMM##                                          Release undefined@no release yet
         \/            \/                                       Powered by @bilibili/jinkela-core@2.8.14 color:#00a1d6
[2026-06-13T03:50:30.442Z] [info] %c%s line-height: 30px; color: #FF6699 bili-fe-fp: 1.1.4
[2026-06-13T03:50:30.497Z] [info] %c bili-fe-mirror %c v2.1.0  padding: 2px 6px; border-radius: 3px 0 0 3px; color: #fff; background: #FF6699; font-weight: bold; padding: 2px 6px; border-radius: 0 3px 3px 0; color: #fff; background: #FF9999; font-weight: bold;
[2026-06-13T03:50:30.497Z] [log] 白屏检测是否正常 {status: ok, loop: 0, data: Object}
[2026-06-13T03:50:31.073Z] [log] %c
                     //
         \\         //
          \\       //
    ##DDDDDDDDDDDDDDDDDDDDDD##
    ## DDDDDDDDDDDDDDDDDDDD ##   ________   ___   ___        ___   ________   ___   ___        ___
    ## hh                hh ##   |\   __  \ |\  \ |\  \      |\  \ |\   __  \ |\  \ |\  \      |\  \
    ## hh    //    \\    hh ##   \ \  \|\ /_\ \  \\ \  \     \ \  \\ \  \|\ /_\ \  \\ \  \     \ \  \
    ## hh   //      \\   hh ##    \ \   __  \\ \  \\ \  \     \ \  \\ \   __  \\ \  \\ \  \     \ \  \
    ## hh                hh ##     \ \  \|\  \\ \  \\ \  \____ \ \  \\ \  \|\  \\ \  \\ \  \____ \ \  \
    ## hh      wwww      hh ##      \ \_______\\ \__\\ \_______\\ \__\\ \_______\\ \__\\ \_______\\ \__\
    ## hh                hh ##       \|_______| \|__| \|_______| \|__| \|_______| \|__| \|_______| \|__|
    ## MMMMMMMMMMMMMMMMMMMM ##
    ##MMMMMMMMMMMMMMMMMMMMMM##                                          Release undefined@no release yet
         \/            \/                                       Powered by @bilibili/jinkela-core@2.8.14 color:#00a1d6
[2026-06-13T03:50:34.088Z] [info] %c%s line-height: 30px; color: #FF6699 bili-fe-fp: 1.1.4
[2026-06-13T03:50:34.139Z] [info] %c bili-fe-mirror %c v2.1.0  padding: 2px 6px; border-radius: 3px 0 0 3px; color: #fff; background: #FF6699; font-weight: bold; padding: 2px 6px; border-radius: 0 3px 3px 0; color: #fff; background: #FF9999; font-weight: bold;
[2026-06-13T03:50:34.139Z] [log] 白屏检测是否正常 {status: ok, loop: 0, data: Object}
[2026-06-13T03:50:34.518Z] [log] %c
                     //
         \\         //
          \\       //
    ##DDDDDDDDDDDDDDDDDDDDDD##
    ## DDDDDDDDDDDDDDDDDDDD ##   ________   ___   ___        ___   ________   ___   ___        ___
    ## hh                hh ##   |\   __  \ |\  \ |\  \      |\  \ |\   __  \ |\  \ |\  \      |\  \
    ## hh    //    \\    hh ##   \ \  \|\ /_\ \  \\ \  \     \ \  \\ \  \|\ /_\ \  \\ \  \     \ \  \
    ## hh   //      \\   hh ##    \ \   __  \\ \  \\ \  \     \ \  \\ \   __  \\ \  \\ \  \     \ \  \
    ## hh                hh ##     \ \  \|\  \\ \  \\ \  \____ \ \  \\ \  \|\  \\ \  \\ \  \____ \ \  \
    ## hh      wwww      hh ##      \ \_______\\ \__\\ \_______\\ \__\\ \_______\\ \__\\ \_______\\ \__\
    ## hh                hh ##       \|_______| \|__| \|_______| \|__| \|_______| \|__| \|_______| \|__|
    ## MMMMMMMMMMMMMMMMMMMM ##
    ##MMMMMMMMMMMMMMMMMMMMMM##                                          Release undefined@no release yet
         \/            \/                                       Powered by @bilibili/jinkela-core@2.8.14 color:#00a1d6
[2026-06-13T03:50:37.795Z] [info] %c%s line-height: 30px; color: #FF6699 bili-fe-fp: 1.1.4
[2026-06-13T03:50:37.814Z] [info] %c bili-fe-mirror %c v2.1.0  padding: 2px 6px; border-radius: 3px 0 0 3px; color: #fff; background: #FF6699; font-weight: bold; padding: 2px 6px; border-radius: 0 3px 3px 0; color: #fff; background: #FF9999; font-weight: bold;
[2026-06-13T03:50:37.814Z] [log] 白屏检测是否正常 {status: ok, loop: 0, data: Object}
[2026-06-13T03:50:38.174Z] [log] %c
                     //
         \\         //
          \\       //
    ##DDDDDDDDDDDDDDDDDDDDDD##
    ## DDDDDDDDDDDDDDDDDDDD ##   ________   ___   ___        ___   ________   ___   ___        ___
    ## hh                hh ##   |\   __  \ |\  \ |\  \      |\  \ |\   __  \ |\  \ |\  \      |\  \
    ## hh    //    \\    hh ##   \ \  \|\ /_\ \  \\ \  \     \ \  \\ \  \|\ /_\ \  \\ \  \     \ \  \
    ## hh   //      \\   hh ##    \ \   __  \\ \  \\ \  \     \ \  \\ \   __  \\ \  \\ \  \     \ \  \
    ## hh                hh ##     \ \  \|\  \\ \  \\ \  \____ \ \  \\ \  \|\  \\ \  \\ \  \____ \ \  \
    ## hh      wwww      hh ##      \ \_______\\ \__\\ \_______\\ \__\\ \_______\\ \__\\ \_______\\ \__\
    ## hh                hh ##       \|_______| \|__| \|_______| \|__| \|_______| \|__| \|_______| \|__|
    ## MMMMMMMMMMMMMMMMMMMM ##
    ##MMMMMMMMMMMMMMMMMMMMMM##                                          Release undefined@no release yet
         \/            \/                                       Powered by @bilibili/jinkela-core@2.8.14 color:#00a1d6
[2026-06-13T03:50:41.414Z] [info] %c%s line-height: 30px; color: #FF6699 bili-fe-fp: 1.1.4
[2026-06-13T03:50:41.461Z] [info] %c bili-fe-mirror %c v2.1.0  padding: 2px 6px; border-radius: 3px 0 0 3px; color: #fff; background: #FF6699; font-weight: bold; padding: 2px 6px; border-radius: 0 3px 3px 0; color: #fff; background: #FF9999; font-weight: bold;
[2026-06-13T03:50:41.461Z] [log] 白屏检测是否正常 {status: ok, loop: 0, data: Object}
[2026-06-13T03:50:41.837Z] [log] %c
                     //
         \\         //
          \\       //
    ##DDDDDDDDDDDDDDDDDDDDDD##
    ## DDDDDDDDDDDDDDDDDDDD ##   ________   ___   ___        ___   ________   ___   ___        ___
    ## hh                hh ##   |\   __  \ |\  \ |\  \      |\  \ |\   __  \ |\  \ |\  \      |\  \
    ## hh    //    \\    hh ##   \ \  \|\ /_\ \  \\ \  \     \ \  \\ \  \|\ /_\ \  \\ \  \     \ \  \
    ## hh   //      \\   hh ##    \ \   __  \\ \  \\ \  \     \ \  \\ \   __  \\ \  \\ \  \     \ \  \
    ## hh                hh ##     \ \  \|\  \\ \  \\ \  \____ \ \  \\ \  \|\  \\ \  \\ \  \____ \ \  \
    ## hh      wwww      hh ##      \ \_______\\ \__\\ \_______\\ \__\\ \_______\\ \__\\ \_______\\ \__\
    ## hh                hh ##       \|_______| \|__| \|_______| \|__| \|_______| \|__| \|_______| \|__|
    ## MMMMMMMMMMMMMMMMMMMM ##
    ##MMMMMMMMMMMMMMMMMMMMMM##                                          Release undefined@no release yet
         \/            \/                                       Powered by @bilibili/jinkela-core@2.8.14 color:#00a1d6
[2026-06-13T03:51:34.433Z] [info] %c%s line-height: 30px; color: #FF6699 bili-fe-fp: 1.1.4
[2026-06-13T03:51:34.460Z] [info] %c bili-fe-mirror %c v2.1.0  padding: 2px 6px; border-radius: 3px 0 0 3px; color: #fff; background: #FF6699; font-weight: bold; padding: 2px 6px; border-radius: 0 3px 3px 0; color: #fff; background: #FF9999; font-weight: bold;
[2026-06-13T03:51:34.461Z] [log] 白屏检测是否正常 {status: ok, loop: 0, data: Object}
[2026-06-13T03:51:36.149Z] [log] %c
                     //
         \\         //
          \\       //
    ##DDDDDDDDDDDDDDDDDDDDDD##
    ## DDDDDDDDDDDDDDDDDDDD ##   ________   ___   ___        ___   ________   ___   ___        ___
    ## hh                hh ##   |\   __  \ |\  \ |\  \      |\  \ |\   __  \ |\  \ |\  \      |\  \
    ## hh    //    \\    hh ##   \ \  \|\ /_\ \  \\ \  \     \ \  \\ \  \|\ /_\ \  \\ \  \     \ \  \
    ## hh   //      \\   hh ##    \ \   __  \\ \  \\ \  \     \ \  \\ \   __  \\ \  \\ \  \     \ \  \
    ## hh                hh ##     \ \  \|\  \\ \  \\ \  \____ \ \  \\ \  \|\  \\ \  \\ \  \____ \ \  \
    ## hh      wwww      hh ##      \ \_______\\ \__\\ \_______\\ \__\\ \_______\\ \__\\ \_______\\ \__\
    ## hh                hh ##       \|_______| \|__| \|_______| \|__| \|_______| \|__| \|_______| \|__|
    ## MMMMMMMMMMMMMMMMMMMM ##
    ##MMMMMMMMMMMMMMMMMMMMMM##                                          Release undefined@no release yet
         \/            \/                                       Powered by @bilibili/jinkela-core@2.8.14 color:#00a1d6
[2026-06-13T03:51:38.111Z] [info] %c%s line-height: 30px; color: #FF6699 bili-fe-fp: 1.1.4
[2026-06-13T03:51:38.145Z] [info] %c bili-fe-mirror %c v2.1.0  padding: 2px 6px; border-radius: 3px 0 0 3px; color: #fff; background: #FF6699; font-weight: bold; padding: 2px 6px; border-radius: 0 3px 3px 0; color: #fff; background: #FF9999; font-weight: bold;
[2026-06-13T03:51:38.145Z] [log] 白屏检测是否正常 {status: ok, loop: 0, data: Object}
[2026-06-13T03:51:38.478Z] [log] %c
                     //
         \\         //
          \\       //
    ##DDDDDDDDDDDDDDDDDDDDDD##
    ## DDDDDDDDDDDDDDDDDDDD ##   ________   ___   ___        ___   ________   ___   ___        ___
    ## hh                hh ##   |\   __  \ |\  \ |\  \      |\  \ |\   __  \ |\  \ |\  \      |\  \
    ## hh    //    \\    hh ##   \ \  \|\ /_\ \  \\ \  \     \ \  \\ \  \|\ /_\ \  \\ \  \     \ \  \
    ## hh   //      \\   hh ##    \ \   __  \\ \  \\ \  \     \ \  \\ \   __  \\ \  \\ \  \     \ \  \
    ## hh                hh ##     \ \  \|\  \\ \  \\ \  \____ \ \  \\ \  \|\  \\ \  \\ \  \____ \ \  \
    ## hh      wwww      hh ##      \ \_______\\ \__\\ \_______\\ \__\\ \_______\\ \__\\ \_______\\ \__\
    ## hh                hh ##       \|_______| \|__| \|_______| \|__| \|_______| \|__| \|_______| \|__|
    ## MMMMMMMMMMMMMMMMMMMM ##
    ##MMMMMMMMMMMMMMMMMMMMMM##                                          Release undefined@no release yet
         \/            \/                                       Powered by @bilibili/jinkela-core@2.8.14 color:#00a1d6
[2026-06-13T03:51:41.841Z] [info] %c%s line-height: 30px; color: #FF6699 bili-fe-fp: 1.1.4
[2026-06-13T03:51:41.939Z] [info] %c bili-fe-mirror %c v2.1.0  padding: 2px 6px; border-radius: 3px 0 0 3px; color: #fff; background: #FF6699; font-weight: bold; padding: 2px 6px; border-radius: 0 3px 3px 0; color: #fff; background: #FF9999; font-weight: bold;
[2026-06-13T03:51:41.939Z] [log] 白屏检测是否正常 {status: ok, loop: 0, data: Object}
[2026-06-13T03:51:42.205Z] [log] %c
                     //
         \\         //
          \\       //
    ##DDDDDDDDDDDDDDDDDDDDDD##
    ## DDDDDDDDDDDDDDDDDDDD ##   ________   ___   ___        ___   ________   ___   ___        ___
    ## hh                hh ##   |\   __  \ |\  \ |\  \      |\  \ |\   __  \ |\  \ |\  \      |\  \
    ## hh    //    \\    hh ##   \ \  \|\ /_\ \  \\ \  \     \ \  \\ \  \|\ /_\ \  \\ \  \     \ \  \
    ## hh   //      \\   hh ##    \ \   __  \\ \  \\ \  \     \ \  \\ \   __  \\ \  \\ \  \     \ \  \
    ## hh                hh ##     \ \  \|\  \\ \  \\ \  \____ \ \  \\ \  \|\  \\ \  \\ \  \____ \ \  \
    ## hh      wwww      hh ##      \ \_______\\ \__\\ \_______\\ \__\\ \_______\\ \__\\ \_______\\ \__\
    ## hh                hh ##       \|_______| \|__| \|_______| \|__| \|_______| \|__| \|_______| \|__|
    ## MMMMMMMMMMMMMMMMMMMM ##
    ##MMMMMMMMMMMMMMMMMMMMMM##                                          Release undefined@no release yet
         \/            \/                                       Powered by @bilibili/jinkela-core@2.8.14 color:#00a1d6
[2026-06-13T03:51:45.506Z] [info] %c%s line-height: 30px; color: #FF6699 bili-fe-fp: 1.1.4
[2026-06-13T03:51:45.610Z] [info] %c bili-fe-mirror %c v2.1.0  padding: 2px 6px; border-radius: 3px 0 0 3px; color: #fff; background: #FF6699; font-weight: bold; padding: 2px 6px; border-radius: 0 3px 3px 0; color: #fff; background: #FF9999; font-weight: bold;
[2026-06-13T03:51:45.610Z] [log] 白屏检测是否正常 {status: ok, loop: 0, data: Object}
[2026-06-13T03:51:46.050Z] [log] %c
                     //
         \\         //
          \\       //
    ##DDDDDDDDDDDDDDDDDDDDDD##
    ## DDDDDDDDDDDDDDDDDDDD ##   ________   ___   ___        ___   ________   ___   ___        ___
    ## hh                hh ##   |\   __  \ |\  \ |\  \      |\  \ |\   __  \ |\  \ |\  \      |\  \
    ## hh    //    \\    hh ##   \ \  \|\ /_\ \  \\ \  \     \ \  \\ \  \|\ /_\ \  \\ \  \     \ \  \
    ## hh   //      \\   hh ##    \ \   __  \\ \  \\ \  \     \ \  \\ \   __  \\ \  \\ \  \     \ \  \
    ## hh                hh ##     \ \  \|\  \\ \  \\ \  \____ \ \  \\ \  \|\  \\ \  \\ \  \____ \ \  \
    ## hh      wwww      hh ##      \ \_______\\ \__\\ \_______\\ \__\\ \_______\\ \__\\ \_______\\ \__\
    ## hh                hh ##       \|_______| \|__| \|_______| \|__| \|_______| \|__| \|_______| \|__|
    ## MMMMMMMMMMMMMMMMMMMM ##
    ##MMMMMMMMMMMMMMMMMMMMMM##                                          Release undefined@no release yet
         \/            \/                                       Powered by @bilibili/jinkela-core@2.8.14 color:#00a1d6
[2026-06-13T03:51:49.177Z] [info] %c%s line-height: 30px; color: #FF6699 bili-fe-fp: 1.1.4
[2026-06-13T03:51:49.300Z] [info] %c bili-fe-mirror %c v2.1.0  padding: 2px 6px; border-radius: 3px 0 0 3px; color: #fff; background: #FF6699; font-weight: bold; padding: 2px 6px; border-radius: 0 3px 3px 0; color: #fff; background: #FF9999; font-weight: bold;
[2026-06-13T03:51:49.300Z] [log] 白屏检测是否正常 {status: ok, loop: 0, data: Object}
[2026-06-13T03:51:49.525Z] [log] %c
                     //
         \\         //
          \\       //
    ##DDDDDDDDDDDDDDDDDDDDDD##
    ## DDDDDDDDDDDDDDDDDDDD ##   ________   ___   ___        ___   ________   ___   ___        ___
    ## hh                hh ##   |\   __  \ |\  \ |\  \      |\  \ |\   __  \ |\  \ |\  \      |\  \
    ## hh    //    \\    hh ##   \ \  \|\ /_\ \  \\ \  \     \ \  \\ \  \|\ /_\ \  \\ \  \     \ \  \
    ## hh   //      \\   hh ##    \ \   __  \\ \  \\ \  \     \ \  \\ \   __  \\ \  \\ \  \     \ \  \
    ## hh                hh ##     \ \  \|\  \\ \  \\ \  \____ \ \  \\ \  \|\  \\ \  \\ \  \____ \ \  \
    ## hh      wwww      hh ##      \ \_______\\ \__\\ \_______\\ \__\\ \_______\\ \__\\ \_______\\ \__\
    ## hh                hh ##       \|_______| \|__| \|_______| \|__| \|_______| \|__| \|_______| \|__|
    ## MMMMMMMMMMMMMMMMMMMM ##
    ##MMMMMMMMMMMMMMMMMMMMMM##                                          Release undefined@no release yet
         \/            \/                                       Powered by @bilibili/jinkela-core@2.8.14 color:#00a1d6
[2026-06-13T03:51:52.848Z] [info] %c%s line-height: 30px; color: #FF6699 bili-fe-fp: 1.1.4
[2026-06-13T03:51:52.967Z] [info] %c bili-fe-mirror %c v2.1.0  padding: 2px 6px; border-radius: 3px 0 0 3px; color: #fff; background: #FF6699; font-weight: bold; padding: 2px 6px; border-radius: 0 3px 3px 0; color: #fff; background: #FF9999; font-weight: bold;
[2026-06-13T03:51:52.967Z] [log] 白屏检测是否正常 {status: ok, loop: 0, data: Object}
[2026-06-13T03:51:53.267Z] [log] %c
                     //
         \\         //
          \\       //
    ##DDDDDDDDDDDDDDDDDDDDDD##
    ## DDDDDDDDDDDDDDDDDDDD ##   ________   ___   ___        ___   ________   ___   ___        ___
    ## hh                hh ##   |\   __  \ |\  \ |\  \      |\  \ |\   __  \ |\  \ |\  \      |\  \
    ## hh    //    \\    hh ##   \ \  \|\ /_\ \  \\ \  \     \ \  \\ \  \|\ /_\ \  \\ \  \     \ \  \
    ## hh   //      \\   hh ##    \ \   __  \\ \  \\ \  \     \ \  \\ \   __  \\ \  \\ \  \     \ \  \
    ## hh                hh ##     \ \  \|\  \\ \  \\ \  \____ \ \  \\ \  \|\  \\ \  \\ \  \____ \ \  \
    ## hh      wwww      hh ##      \ \_______\\ \__\\ \_______\\ \__\\ \_______\\ \__\\ \_______\\ \__\
    ## hh                hh ##       \|_______| \|__| \|_______| \|__| \|_______| \|__| \|_______| \|__|
    ## MMMMMMMMMMMMMMMMMMMM ##
    ##MMMMMMMMMMMMMMMMMMMMMM##                                          Release undefined@no release yet
         \/            \/                                       Powered by @bilibili/jinkela-core@2.8.14 color:#00a1d6
[2026-06-13T03:51:56.493Z] [info] %c%s line-height: 30px; color: #FF6699 bili-fe-fp: 1.1.4
[2026-06-13T03:51:56.620Z] [info] %c bili-fe-mirror %c v2.1.0  padding: 2px 6px; border-radius: 3px 0 0 3px; color: #fff; background: #FF6699; font-weight: bold; padding: 2px 6px; border-radius: 0 3px 3px 0; color: #fff; background: #FF9999; font-weight: bold;
[2026-06-13T03:51:56.621Z] [log] 白屏检测是否正常 {status: ok, loop: 0, data: Object}
[2026-06-13T03:51:56.869Z] [log] %c
                     //
         \\         //
          \\       //
    ##DDDDDDDDDDDDDDDDDDDDDD##
    ## DDDDDDDDDDDDDDDDDDDD ##   ________   ___   ___        ___   ________   ___   ___        ___
    ## hh                hh ##   |\   __  \ |\  \ |\  \      |\  \ |\   __  \ |\  \ |\  \      |\  \
    ## hh    //    \\    hh ##   \ \  \|\ /_\ \  \\ \  \     \ \  \\ \  \|\ /_\ \  \\ \  \     \ \  \
    ## hh   //      \\   hh ##    \ \   __  \\ \  \\ \  \     \ \  \\ \   __  \\ \  \\ \  \     \ \  \
    ## hh                hh ##     \ \  \|\  \\ \  \\ \  \____ \ \  \\ \  \|\  \\ \  \\ \  \____ \ \  \
    ## hh      wwww      hh ##      \ \_______\\ \__\\ \_______\\ \__\\ \_______\\ \__\\ \_______\\ \__\
    ## hh                hh ##       \|_______| \|__| \|_______| \|__| \|_______| \|__| \|_______| \|__|
    ## MMMMMMMMMMMMMMMMMMMM ##
    ##MMMMMMMMMMMMMMMMMMMMMM##                                          Release undefined@no release yet
         \/            \/                                       Powered by @bilibili/jinkela-core@2.8.14 color:#00a1d6
[2026-06-13T03:52:00.277Z] [info] %c%s line-height: 30px; color: #FF6699 bili-fe-fp: 1.1.4
[2026-06-13T03:52:00.303Z] [info] %c bili-fe-mirror %c v2.1.0  padding: 2px 6px; border-radius: 3px 0 0 3px; color: #fff; background: #FF6699; font-weight: bold; padding: 2px 6px; border-radius: 0 3px 3px 0; color: #fff; background: #FF9999; font-weight: bold;
[2026-06-13T03:52:00.303Z] [log] 白屏检测是否正常 {status: ok, loop: 0, data: Object}
[2026-06-13T03:52:01.316Z] [log] %c
                     //
         \\         //
          \\       //
    ##DDDDDDDDDDDDDDDDDDDDDD##
    ## DDDDDDDDDDDDDDDDDDDD ##   ________   ___   ___        ___   ________   ___   ___        ___
    ## hh                hh ##   |\   __  \ |\  \ |\  \      |\  \ |\   __  \ |\  \ |\  \      |\  \
    ## hh    //    \\    hh ##   \ \  \|\ /_\ \  \\ \  \     \ \  \\ \  \|\ /_\ \  \\ \  \     \ \  \
    ## hh   //      \\   hh ##    \ \   __  \\ \  \\ \  \     \ \  \\ \   __  \\ \  \\ \  \     \ \  \
    ## hh                hh ##     \ \  \|\  \\ \  \\ \  \____ \ \  \\ \  \|\  \\ \  \\ \  \____ \ \  \
    ## hh      wwww      hh ##      \ \_______\\ \__\\ \_______\\ \__\\ \_______\\ \__\\ \_______\\ \__\
    ## hh                hh ##       \|_______| \|__| \|_______| \|__| \|_______| \|__| \|_______| \|__|
    ## MMMMMMMMMMMMMMMMMMMM ##
    ##MMMMMMMMMMMMMMMMMMMMMM##                                          Release undefined@no release yet
         \/            \/                                       Powered by @bilibili/jinkela-core@2.8.14 color:#00a1d6
[2026-06-13T03:52:01.402Z] [warning] Mixed Content: The page at 'https://www.bilibili.com/video/BV1Y854zmEg9/' was loaded over HTTPS, but requested an insecure element 'http://i2.hdslb.com/bfs/archive/40d310963d9ff5a50e5746b27aae0b6f996aaeea.jpg@180w_100h_1c.jpg'. This request was automatically upgraded to HTTPS, For more information see https://blog.chromium.org/2019/10/no-more-mixed-messages-about-https.html
[2026-06-13T03:52:03.991Z] [info] %c%s line-height: 30px; color: #FF6699 bili-fe-fp: 1.1.4
[2026-06-13T03:52:04.040Z] [info] %c bili-fe-mirror %c v2.1.0  padding: 2px 6px; border-radius: 3px 0 0 3px; color: #fff; background: #FF6699; font-weight: bold; padding: 2px 6px; border-radius: 0 3px 3px 0; color: #fff; background: #FF9999; font-weight: bold;
[2026-06-13T03:52:04.040Z] [log] 白屏检测是否正常 {status: ok, loop: 0, data: Object}
[2026-06-13T03:52:04.412Z] [log] %c
                     //
         \\         //
          \\       //
    ##DDDDDDDDDDDDDDDDDDDDDD##
    ## DDDDDDDDDDDDDDDDDDDD ##   ________   ___   ___        ___   ________   ___   ___        ___
    ## hh                hh ##   |\   __  \ |\  \ |\  \      |\  \ |\   __  \ |\  \ |\  \      |\  \
    ## hh    //    \\    hh ##   \ \  \|\ /_\ \  \\ \  \     \ \  \\ \  \|\ /_\ \  \\ \  \     \ \  \
    ## hh   //      \\   hh ##    \ \   __  \\ \  \\ \  \     \ \  \\ \   __  \\ \  \\ \  \     \ \  \
    ## hh                hh ##     \ \  \|\  \\ \  \\ \  \____ \ \  \\ \  \|\  \\ \  \\ \  \____ \ \  \
    ## hh      wwww      hh ##      \ \_______\\ \__\\ \_______\\ \__\\ \_______\\ \__\\ \_______\\ \__\
    ## hh                hh ##       \|_______| \|__| \|_______| \|__| \|_______| \|__| \|_______| \|__|
    ## MMMMMMMMMMMMMMMMMMMM ##
    ##MMMMMMMMMMMMMMMMMMMMMM##                                          Release undefined@no release yet
         \/            \/                                       Powered by @bilibili/jinkela-core@2.8.14 color:#00a1d6
[2026-06-13T03:52:07.678Z] [info] %c%s line-height: 30px; color: #FF6699 bili-fe-fp: 1.1.4
[2026-06-13T03:52:07.728Z] [info] %c bili-fe-mirror %c v2.1.0  padding: 2px 6px; border-radius: 3px 0 0 3px; color: #fff; background: #FF6699; font-weight: bold; padding: 2px 6px; border-radius: 0 3px 3px 0; color: #fff; background: #FF9999; font-weight: bold;
[2026-06-13T03:52:07.729Z] [log] 白屏检测是否正常 {status: ok, loop: 0, data: Object}
[2026-06-13T03:52:08.108Z] [log] %c
                     //
         \\         //
          \\       //
    ##DDDDDDDDDDDDDDDDDDDDDD##
    ## DDDDDDDDDDDDDDDDDDDD ##   ________   ___   ___        ___   ________   ___   ___        ___
    ## hh                hh ##   |\   __  \ |\  \ |\  \      |\  \ |\   __  \ |\  \ |\  \      |\  \
    ## hh    //    \\    hh ##   \ \  \|\ /_\ \  \\ \  \     \ \  \\ \  \|\ /_\ \  \\ \  \     \ \  \
    ## hh   //      \\   hh ##    \ \   __  \\ \  \\ \  \     \ \  \\ \   __  \\ \  \\ \  \     \ \  \
    ## hh                hh ##     \ \  \|\  \\ \  \\ \  \____ \ \  \\ \  \|\  \\ \  \\ \  \____ \ \  \
    ## hh      wwww      hh ##      \ \_______\\ \__\\ \_______\\ \__\\ \_______\\ \__\\ \_______\\ \__\
    ## hh                hh ##       \|_______| \|__| \|_______| \|__| \|_______| \|__| \|_______| \|__|
    ## MMMMMMMMMMMMMMMMMMMM ##
    ##MMMMMMMMMMMMMMMMMMMMMM##                                          Release undefined@no release yet
         \/            \/                                       Powered by @bilibili/jinkela-core@2.8.14 color:#00a1d6
[2026-06-13T03:52:11.347Z] [info] %c%s line-height: 30px; color: #FF6699 bili-fe-fp: 1.1.4
[2026-06-13T03:52:11.397Z] [info] %c bili-fe-mirror %c v2.1.0  padding: 2px 6px; border-radius: 3px 0 0 3px; color: #fff; background: #FF6699; font-weight: bold; padding: 2px 6px; border-radius: 0 3px 3px 0; color: #fff; background: #FF9999; font-weight: bold;
[2026-06-13T03:52:11.397Z] [log] 白屏检测是否正常 {status: ok, loop: 0, data: Object}
[2026-06-13T03:52:11.684Z] [log] %c
                     //
         \\         //
          \\       //
    ##DDDDDDDDDDDDDDDDDDDDDD##
    ## DDDDDDDDDDDDDDDDDDDD ##   ________   ___   ___        ___   ________   ___   ___        ___
    ## hh                hh ##   |\   __  \ |\  \ |\  \      |\  \ |\   __  \ |\  \ |\  \      |\  \
    ## hh    //    \\    hh ##   \ \  \|\ /_\ \  \\ \  \     \ \  \\ \  \|\ /_\ \  \\ \  \     \ \  \
    ## hh   //      \\   hh ##    \ \   __  \\ \  \\ \  \     \ \  \\ \   __  \\ \  \\ \  \     \ \  \
    ## hh                hh ##     \ \  \|\  \\ \  \\ \  \____ \ \  \\ \  \|\  \\ \  \\ \  \____ \ \  \
    ## hh      wwww      hh ##      \ \_______\\ \__\\ \_______\\ \__\\ \_______\\ \__\\ \_______\\ \__\
    ## hh                hh ##       \|_______| \|__| \|_______| \|__| \|_______| \|__| \|_______| \|__|
    ## MMMMMMMMMMMMMMMMMMMM ##
    ##MMMMMMMMMMMMMMMMMMMMMM##                                          Release undefined@no release yet
         \/            \/                                       Powered by @bilibili/jinkela-core@2.8.14 color:#00a1d6
[2026-06-13T03:52:15.006Z] [info] %c%s line-height: 30px; color: #FF6699 bili-fe-fp: 1.1.4
[2026-06-13T03:52:15.051Z] [info] %c bili-fe-mirror %c v2.1.0  padding: 2px 6px; border-radius: 3px 0 0 3px; color: #fff; background: #FF6699; font-weight: bold; padding: 2px 6px; border-radius: 0 3px 3px 0; color: #fff; background: #FF9999; font-weight: bold;
[2026-06-13T03:52:15.051Z] [log] 白屏检测是否正常 {status: ok, loop: 0, data: Object}
[2026-06-13T03:52:15.295Z] [log] %c
                     //
         \\         //
          \\       //
    ##DDDDDDDDDDDDDDDDDDDDDD##
    ## DDDDDDDDDDDDDDDDDDDD ##   ________   ___   ___        ___   ________   ___   ___        ___
    ## hh                hh ##   |\   __  \ |\  \ |\  \      |\  \ |\   __  \ |\  \ |\  \      |\  \
    ## hh    //    \\    hh ##   \ \  \|\ /_\ \  \\ \  \     \ \  \\ \  \|\ /_\ \  \\ \  \     \ \  \
    ## hh   //      \\   hh ##    \ \   __  \\ \  \\ \  \     \ \  \\ \   __  \\ \  \\ \  \     \ \  \
    ## hh                hh ##     \ \  \|\  \\ \  \\ \  \____ \ \  \\ \  \|\  \\ \  \\ \  \____ \ \  \
    ## hh      wwww      hh ##      \ \_______\\ \__\\ \_______\\ \__\\ \_______\\ \__\\ \_______\\ \__\
    ## hh                hh ##       \|_______| \|__| \|_______| \|__| \|_______| \|__| \|_______| \|__|
    ## MMMMMMMMMMMMMMMMMMMM ##
    ##MMMMMMMMMMMMMMMMMMMMMM##                                          Release undefined@no release yet
         \/            \/                                       Powered by @bilibili/jinkela-core@2.8.14 color:#00a1d6
[2026-06-13T03:52:18.679Z] [info] %c%s line-height: 30px; color: #FF6699 bili-fe-fp: 1.1.4
[2026-06-13T03:52:18.724Z] [info] %c bili-fe-mirror %c v2.1.0  padding: 2px 6px; border-radius: 3px 0 0 3px; color: #fff; background: #FF6699; font-weight: bold; padding: 2px 6px; border-radius: 0 3px 3px 0; color: #fff; background: #FF9999; font-weight: bold;
[2026-06-13T03:52:18.724Z] [log] 白屏检测是否正常 {status: ok, loop: 0, data: Object}
[2026-06-13T03:52:18.913Z] [log] %c
                     //
         \\         //
          \\       //
    ##DDDDDDDDDDDDDDDDDDDDDD##
    ## DDDDDDDDDDDDDDDDDDDD ##   ________   ___   ___        ___   ________   ___   ___        ___
    ## hh                hh ##   |\   __  \ |\  \ |\  \      |\  \ |\   __  \ |\  \ |\  \      |\  \
    ## hh    //    \\    hh ##   \ \  \|\ /_\ \  \\ \  \     \ \  \\ \  \|\ /_\ \  \\ \  \     \ \  \
    ## hh   //      \\   hh ##    \ \   __  \\ \  \\ \  \     \ \  \\ \   __  \\ \  \\ \  \     \ \  \
    ## hh                hh ##     \ \  \|\  \\ \  \\ \  \____ \ \  \\ \  \|\  \\ \  \\ \  \____ \ \  \
    ## hh      wwww      hh ##      \ \_______\\ \__\\ \_______\\ \__\\ \_______\\ \__\\ \_______\\ \__\
    ## hh                hh ##       \|_______| \|__| \|_______| \|__| \|_______| \|__| \|_______| \|__|
    ## MMMMMMMMMMMMMMMMMMMM ##
    ##MMMMMMMMMMMMMMMMMMMMMM##                                          Release undefined@no release yet
         \/            \/                                       Powered by @bilibili/jinkela-core@2.8.14 color:#00a1d6
[2026-06-13T03:52:22.348Z] [info] %c%s line-height: 30px; color: #FF6699 bili-fe-fp: 1.1.4
[2026-06-13T03:52:22.439Z] [info] %c bili-fe-mirror %c v2.1.0  padding: 2px 6px; border-radius: 3px 0 0 3px; color: #fff; background: #FF6699; font-weight: bold; padding: 2px 6px; border-radius: 0 3px 3px 0; color: #fff; background: #FF9999; font-weight: bold;
[2026-06-13T03:52:22.439Z] [log] 白屏检测是否正常 {status: ok, loop: 0, data: Object}
[2026-06-13T03:52:22.768Z] [log] %c
                     //
         \\         //
          \\       //
    ##DDDDDDDDDDDDDDDDDDDDDD##
    ## DDDDDDDDDDDDDDDDDDDD ##   ________   ___   ___        ___   ________   ___   ___        ___
    ## hh                hh ##   |\   __  \ |\  \ |\  \      |\  \ |\   __  \ |\  \ |\  \      |\  \
    ## hh    //    \\    hh ##   \ \  \|\ /_\ \  \\ \  \     \ \  \\ \  \|\ /_\ \  \\ \  \     \ \  \
    ## hh   //      \\   hh ##    \ \   __  \\ \  \\ \  \     \ \  \\ \   __  \\ \  \\ \  \     \ \  \
    ## hh                hh ##     \ \  \|\  \\ \  \\ \  \____ \ \  \\ \  \|\  \\ \  \\ \  \____ \ \  \
    ## hh      wwww      hh ##      \ \_______\\ \__\\ \_______\\ \__\\ \_______\\ \__\\ \_______\\ \__\
    ## hh                hh ##       \|_______| \|__| \|_______| \|__| \|_______| \|__| \|_______| \|__|
    ## MMMMMMMMMMMMMMMMMMMM ##
    ##MMMMMMMMMMMMMMMMMMMMMM##                                          Release undefined@no release yet
         \/            \/                                       Powered by @bilibili/jinkela-core@2.8.14 color:#00a1d6
[2026-06-13T03:52:26.018Z] [info] %c%s line-height: 30px; color: #FF6699 bili-fe-fp: 1.1.4
[2026-06-13T03:52:26.067Z] [info] %c bili-fe-mirror %c v2.1.0  padding: 2px 6px; border-radius: 3px 0 0 3px; color: #fff; background: #FF6699; font-weight: bold; padding: 2px 6px; border-radius: 0 3px 3px 0; color: #fff; background: #FF9999; font-weight: bold;
[2026-06-13T03:52:26.067Z] [log] 白屏检测是否正常 {status: ok, loop: 0, data: Object}
[2026-06-13T03:52:26.308Z] [log] %c
                     //
         \\         //
          \\       //
    ##DDDDDDDDDDDDDDDDDDDDDD##
    ## DDDDDDDDDDDDDDDDDDDD ##   ________   ___   ___        ___   ________   ___   ___        ___
    ## hh                hh ##   |\   __  \ |\  \ |\  \      |\  \ |\   __  \ |\  \ |\  \      |\  \
    ## hh    //    \\    hh ##   \ \  \|\ /_\ \  \\ \  \     \ \  \\ \  \|\ /_\ \  \\ \  \     \ \  \
    ## hh   //      \\   hh ##    \ \   __  \\ \  \\ \  \     \ \  \\ \   __  \\ \  \\ \  \     \ \  \
    ## hh                hh ##     \ \  \|\  \\ \  \\ \  \____ \ \  \\ \  \|\  \\ \  \\ \  \____ \ \  \
    ## hh      wwww      hh ##      \ \_______\\ \__\\ \_______\\ \__\\ \_______\\ \__\\ \_______\\ \__\
    ## hh                hh ##       \|_______| \|__| \|_______| \|__| \|_______| \|__| \|_______| \|__|
    ## MMMMMMMMMMMMMMMMMMMM ##
    ##MMMMMMMMMMMMMMMMMMMMMM##                                          Release undefined@no release yet
         \/            \/                                       Powered by @bilibili/jinkela-core@2.8.14 color:#00a1d6
[2026-06-13T03:52:29.689Z] [info] %c%s line-height: 30px; color: #FF6699 bili-fe-fp: 1.1.4
[2026-06-13T03:52:29.736Z] [info] %c bili-fe-mirror %c v2.1.0  padding: 2px 6px; border-radius: 3px 0 0 3px; color: #fff; background: #FF6699; font-weight: bold; padding: 2px 6px; border-radius: 0 3px 3px 0; color: #fff; background: #FF9999; font-weight: bold;
[2026-06-13T03:52:29.736Z] [log] 白屏检测是否正常 {status: ok, loop: 0, data: Object}
[2026-06-13T03:52:30.074Z] [log] %c
                     //
         \\         //
          \\       //
    ##DDDDDDDDDDDDDDDDDDDDDD##
    ## DDDDDDDDDDDDDDDDDDDD ##   ________   ___   ___        ___   ________   ___   ___        ___
    ## hh                hh ##   |\   __  \ |\  \ |\  \      |\  \ |\   __  \ |\  \ |\  \      |\  \
    ## hh    //    \\    hh ##   \ \  \|\ /_\ \  \\ \  \     \ \  \\ \  \|\ /_\ \  \\ \  \     \ \  \
    ## hh   //      \\   hh ##    \ \   __  \\ \  \\ \  \     \ \  \\ \   __  \\ \  \\ \  \     \ \  \
    ## hh                hh ##     \ \  \|\  \\ \  \\ \  \____ \ \  \\ \  \|\  \\ \  \\ \  \____ \ \  \
    ## hh      wwww      hh ##      \ \_______\\ \__\\ \_______\\ \__\\ \_______\\ \__\\ \_______\\ \__\
    ## hh                hh ##       \|_______| \|__| \|_______| \|__| \|_______| \|__| \|_______| \|__|
    ## MMMMMMMMMMMMMMMMMMMM ##
    ##MMMMMMMMMMMMMMMMMMMMMM##                                          Release undefined@no release yet
         \/            \/                                       Powered by @bilibili/jinkela-core@2.8.14 color:#00a1d6
[2026-06-13T03:52:33.380Z] [info] %c%s line-height: 30px; color: #FF6699 bili-fe-fp: 1.1.4
[2026-06-13T03:52:33.483Z] [info] %c bili-fe-mirror %c v2.1.0  padding: 2px 6px; border-radius: 3px 0 0 3px; color: #fff; background: #FF6699; font-weight: bold; padding: 2px 6px; border-radius: 0 3px 3px 0; color: #fff; background: #FF9999; font-weight: bold;
[2026-06-13T03:52:33.483Z] [log] 白屏检测是否正常 {status: ok, loop: 0, data: Object}
[2026-06-13T03:52:33.726Z] [log] %c
                     //
         \\         //
          \\       //
    ##DDDDDDDDDDDDDDDDDDDDDD##
    ## DDDDDDDDDDDDDDDDDDDD ##   ________   ___   ___        ___   ________   ___   ___        ___
    ## hh                hh ##   |\   __  \ |\  \ |\  \      |\  \ |\   __  \ |\  \ |\  \      |\  \
    ## hh    //    \\    hh ##   \ \  \|\ /_\ \  \\ \  \     \ \  \\ \  \|\ /_\ \  \\ \  \     \ \  \
    ## hh   //      \\   hh ##    \ \   __  \\ \  \\ \  \     \ \  \\ \   __  \\ \  \\ \  \     \ \  \
    ## hh                hh ##     \ \  \|\  \\ \  \\ \  \____ \ \  \\ \  \|\  \\ \  \\ \  \____ \ \  \
    ## hh      wwww      hh ##      \ \_______\\ \__\\ \_______\\ \__\\ \_______\\ \__\\ \_______\\ \__\
    ## hh                hh ##       \|_______| \|__| \|_______| \|__| \|_______| \|__| \|_______| \|__|
    ## MMMMMMMMMMMMMMMMMMMM ##
    ##MMMMMMMMMMMMMMMMMMMMMM##                                          Release undefined@no release yet
         \/            \/                                       Powered by @bilibili/jinkela-core@2.8.14 color:#00a1d6
[2026-06-13T03:52:37.032Z] [info] %c%s line-height: 30px; color: #FF6699 bili-fe-fp: 1.1.4
[2026-06-13T03:52:37.083Z] [info] %c bili-fe-mirror %c v2.1.0  padding: 2px 6px; border-radius: 3px 0 0 3px; color: #fff; background: #FF6699; font-weight: bold; padding: 2px 6px; border-radius: 0 3px 3px 0; color: #fff; background: #FF9999; font-weight: bold;
[2026-06-13T03:52:37.092Z] [log] 白屏检测是否正常 {status: ok, loop: 0, data: Object}
[2026-06-13T03:52:37.606Z] [log] %c
                     //
         \\         //
          \\       //
    ##DDDDDDDDDDDDDDDDDDDDDD##
    ## DDDDDDDDDDDDDDDDDDDD ##   ________   ___   ___        ___   ________   ___   ___        ___
    ## hh                hh ##   |\   __  \ |\  \ |\  \      |\  \ |\   __  \ |\  \ |\  \      |\  \
    ## hh    //    \\    hh ##   \ \  \|\ /_\ \  \\ \  \     \ \  \\ \  \|\ /_\ \  \\ \  \     \ \  \
    ## hh   //      \\   hh ##    \ \   __  \\ \  \\ \  \     \ \  \\ \   __  \\ \  \\ \  \     \ \  \
    ## hh                hh ##     \ \  \|\  \\ \  \\ \  \____ \ \  \\ \  \|\  \\ \  \\ \  \____ \ \  \
    ## hh      wwww      hh ##      \ \_______\\ \__\\ \_______\\ \__\\ \_______\\ \__\\ \_______\\ \__\
    ## hh                hh ##       \|_______| \|__| \|_______| \|__| \|_______| \|__| \|_______| \|__|
    ## MMMMMMMMMMMMMMMMMMMM ##
    ##MMMMMMMMMMMMMMMMMMMMMM##                                          Release undefined@no release yet
         \/            \/                                       Powered by @bilibili/jinkela-core@2.8.14 color:#00a1d6
[2026-06-13T03:52:40.696Z] [info] %c%s line-height: 30px; color: #FF6699 bili-fe-fp: 1.1.4
[2026-06-13T03:52:40.742Z] [info] %c bili-fe-mirror %c v2.1.0  padding: 2px 6px; border-radius: 3px 0 0 3px; color: #fff; background: #FF6699; font-weight: bold; padding: 2px 6px; border-radius: 0 3px 3px 0; color: #fff; background: #FF9999; font-weight: bold;
[2026-06-13T03:52:40.742Z] [log] 白屏检测是否正常 {status: ok, loop: 0, data: Object}
[2026-06-13T03:52:40.935Z] [log] %c
                     //
         \\         //
          \\       //
    ##DDDDDDDDDDDDDDDDDDDDDD##
    ## DDDDDDDDDDDDDDDDDDDD ##   ________   ___   ___        ___   ________   ___   ___        ___
    ## hh                hh ##   |\   __  \ |\  \ |\  \      |\  \ |\   __  \ |\  \ |\  \      |\  \
    ## hh    //    \\    hh ##   \ \  \|\ /_\ \  \\ \  \     \ \  \\ \  \|\ /_\ \  \\ \  \     \ \  \
    ## hh   //      \\   hh ##    \ \   __  \\ \  \\ \  \     \ \  \\ \   __  \\ \  \\ \  \     \ \  \
    ## hh                hh ##     \ \  \|\  \\ \  \\ \  \____ \ \  \\ \  \|\  \\ \  \\ \  \____ \ \  \
    ## hh      wwww      hh ##      \ \_______\\ \__\\ \_______\\ \__\\ \_______\\ \__\\ \_______\\ \__\
    ## hh                hh ##       \|_______| \|__| \|_______| \|__| \|_______| \|__| \|_______| \|__|
    ## MMMMMMMMMMMMMMMMMMMM ##
    ##MMMMMMMMMMMMMMMMMMMMMM##                                          Release undefined@no release yet
         \/            \/                                       Powered by @bilibili/jinkela-core@2.8.14 color:#00a1d6
[2026-06-13T03:52:44.364Z] [info] %c%s line-height: 30px; color: #FF6699 bili-fe-fp: 1.1.4
[2026-06-13T03:52:44.412Z] [info] %c bili-fe-mirror %c v2.1.0  padding: 2px 6px; border-radius: 3px 0 0 3px; color: #fff; background: #FF6699; font-weight: bold; padding: 2px 6px; border-radius: 0 3px 3px 0; color: #fff; background: #FF9999; font-weight: bold;
[2026-06-13T03:52:44.412Z] [log] 白屏检测是否正常 {status: ok, loop: 0, data: Object}
[2026-06-13T03:52:44.592Z] [log] %c
                     //
         \\         //
          \\       //
    ##DDDDDDDDDDDDDDDDDDDDDD##
    ## DDDDDDDDDDDDDDDDDDDD ##   ________   ___   ___        ___   ________   ___   ___        ___
    ## hh                hh ##   |\   __  \ |\  \ |\  \      |\  \ |\   __  \ |\  \ |\  \      |\  \
    ## hh    //    \\    hh ##   \ \  \|\ /_\ \  \\ \  \     \ \  \\ \  \|\ /_\ \  \\ \  \     \ \  \
    ## hh   //      \\   hh ##    \ \   __  \\ \  \\ \  \     \ \  \\ \   __  \\ \  \\ \  \     \ \  \
    ## hh                hh ##     \ \  \|\  \\ \  \\ \  \____ \ \  \\ \  \|\  \\ \  \\ \  \____ \ \  \
    ## hh      wwww      hh ##      \ \_______\\ \__\\ \_______\\ \__\\ \_______\\ \__\\ \_______\\ \__\
    ## hh                hh ##       \|_______| \|__| \|_______| \|__| \|_______| \|__| \|_______| \|__|
    ## MMMMMMMMMMMMMMMMMMMM ##
    ##MMMMMMMMMMMMMMMMMMMMMM##                                          Release undefined@no release yet
         \/            \/                                       Powered by @bilibili/jinkela-core@2.8.14 color:#00a1d6
[2026-06-13T03:52:48.054Z] [info] %c%s line-height: 30px; color: #FF6699 bili-fe-fp: 1.1.4
[2026-06-13T03:52:48.085Z] [info] %c bili-fe-mirror %c v2.1.0  padding: 2px 6px; border-radius: 3px 0 0 3px; color: #fff; background: #FF6699; font-weight: bold; padding: 2px 6px; border-radius: 0 3px 3px 0; color: #fff; background: #FF9999; font-weight: bold;
[2026-06-13T03:52:48.085Z] [log] 白屏检测是否正常 {status: ok, loop: 0, data: Object}
[2026-06-13T03:52:48.447Z] [log] %c
                     //
         \\         //
          \\       //
    ##DDDDDDDDDDDDDDDDDDDDDD##
    ## DDDDDDDDDDDDDDDDDDDD ##   ________   ___   ___        ___   ________   ___   ___        ___
    ## hh                hh ##   |\   __  \ |\  \ |\  \      |\  \ |\   __  \ |\  \ |\  \      |\  \
    ## hh    //    \\    hh ##   \ \  \|\ /_\ \  \\ \  \     \ \  \\ \  \|\ /_\ \  \\ \  \     \ \  \
    ## hh   //      \\   hh ##    \ \   __  \\ \  \\ \  \     \ \  \\ \   __  \\ \  \\ \  \     \ \  \
    ## hh                hh ##     \ \  \|\  \\ \  \\ \  \____ \ \  \\ \  \|\  \\ \  \\ \  \____ \ \  \
    ## hh      wwww      hh ##      \ \_______\\ \__\\ \_______\\ \__\\ \_______\\ \__\\ \_______\\ \__\
    ## hh                hh ##       \|_______| \|__| \|_______| \|__| \|_______| \|__| \|_______| \|__|
    ## MMMMMMMMMMMMMMMMMMMM ##
    ##MMMMMMMMMMMMMMMMMMMMMM##                                          Release undefined@no release yet
         \/            \/                                       Powered by @bilibili/jinkela-core@2.8.14 color:#00a1d6
[2026-06-13T03:52:51.721Z] [info] %c%s line-height: 30px; color: #FF6699 bili-fe-fp: 1.1.4
[2026-06-13T03:52:51.749Z] [info] %c bili-fe-mirror %c v2.1.0  padding: 2px 6px; border-radius: 3px 0 0 3px; color: #fff; background: #FF6699; font-weight: bold; padding: 2px 6px; border-radius: 0 3px 3px 0; color: #fff; background: #FF9999; font-weight: bold;
[2026-06-13T03:52:51.749Z] [log] 白屏检测是否正常 {status: ok, loop: 0, data: Object}
[2026-06-13T03:52:51.960Z] [log] %c
                     //
         \\         //
          \\       //
    ##DDDDDDDDDDDDDDDDDDDDDD##
    ## DDDDDDDDDDDDDDDDDDDD ##   ________   ___   ___        ___   ________   ___   ___        ___
    ## hh                hh ##   |\   __  \ |\  \ |\  \      |\  \ |\   __  \ |\  \ |\  \      |\  \
    ## hh    //    \\    hh ##   \ \  \|\ /_\ \  \\ \  \     \ \  \\ \  \|\ /_\ \  \\ \  \     \ \  \
    ## hh   //      \\   hh ##    \ \   __  \\ \  \\ \  \     \ \  \\ \   __  \\ \  \\ \  \     \ \  \
    ## hh                hh ##     \ \  \|\  \\ \  \\ \  \____ \ \  \\ \  \|\  \\ \  \\ \  \____ \ \  \
    ## hh      wwww      hh ##      \ \_______\\ \__\\ \_______\\ \__\\ \_______\\ \__\\ \_______\\ \__\
    ## hh                hh ##       \|_______| \|__| \|_______| \|__| \|_______| \|__| \|_______| \|__|
    ## MMMMMMMMMMMMMMMMMMMM ##
    ##MMMMMMMMMMMMMMMMMMMMMM##                                          Release undefined@no release yet
         \/            \/                                       Powered by @bilibili/jinkela-core@2.8.14 color:#00a1d6
[2026-06-13T03:52:55.377Z] [info] %c%s line-height: 30px; color: #FF6699 bili-fe-fp: 1.1.4
[2026-06-13T03:52:55.424Z] [info] %c bili-fe-mirror %c v2.1.0  padding: 2px 6px; border-radius: 3px 0 0 3px; color: #fff; background: #FF6699; font-weight: bold; padding: 2px 6px; border-radius: 0 3px 3px 0; color: #fff; background: #FF9999; font-weight: bold;
[2026-06-13T03:52:55.424Z] [log] 白屏检测是否正常 {status: ok, loop: 0, data: Object}
[2026-06-13T03:52:55.951Z] [log] %c
                     //
         \\         //
          \\       //
    ##DDDDDDDDDDDDDDDDDDDDDD##
    ## DDDDDDDDDDDDDDDDDDDD ##   ________   ___   ___        ___   ________   ___   ___        ___
    ## hh                hh ##   |\   __  \ |\  \ |\  \      |\  \ |\   __  \ |\  \ |\  \      |\  \
    ## hh    //    \\    hh ##   \ \  \|\ /_\ \  \\ \  \     \ \  \\ \  \|\ /_\ \  \\ \  \     \ \  \
    ## hh   //      \\   hh ##    \ \   __  \\ \  \\ \  \     \ \  \\ \   __  \\ \  \\ \  \     \ \  \
    ## hh                hh ##     \ \  \|\  \\ \  \\ \  \____ \ \  \\ \  \|\  \\ \  \\ \  \____ \ \  \
    ## hh      wwww      hh ##      \ \_______\\ \__\\ \_______\\ \__\\ \_______\\ \__\\ \_______\\ \__\
    ## hh                hh ##       \|_______| \|__| \|_______| \|__| \|_______| \|__| \|_______| \|__|
    ## MMMMMMMMMMMMMMMMMMMM ##
    ##MMMMMMMMMMMMMMMMMMMMMM##                                          Release undefined@no release yet
         \/            \/                                       Powered by @bilibili/jinkela-core@2.8.14 color:#00a1d6
[2026-06-13T03:52:59.049Z] [info] %c%s line-height: 30px; color: #FF6699 bili-fe-fp: 1.1.4
[2026-06-13T03:52:59.100Z] [info] %c bili-fe-mirror %c v2.1.0  padding: 2px 6px; border-radius: 3px 0 0 3px; color: #fff; background: #FF6699; font-weight: bold; padding: 2px 6px; border-radius: 0 3px 3px 0; color: #fff; background: #FF9999; font-weight: bold;
[2026-06-13T03:52:59.100Z] [log] 白屏检测是否正常 {status: ok, loop: 0, data: Object}
[2026-06-13T03:52:59.275Z] [log] %c
                     //
         \\         //
          \\       //
    ##DDDDDDDDDDDDDDDDDDDDDD##
    ## DDDDDDDDDDDDDDDDDDDD ##   ________   ___   ___        ___   ________   ___   ___        ___
    ## hh                hh ##   |\   __  \ |\  \ |\  \      |\  \ |\   __  \ |\  \ |\  \      |\  \
    ## hh    //    \\    hh ##   \ \  \|\ /_\ \  \\ \  \     \ \  \\ \  \|\ /_\ \  \\ \  \     \ \  \
    ## hh   //      \\   hh ##    \ \   __  \\ \  \\ \  \     \ \  \\ \   __  \\ \  \\ \  \     \ \  \
    ## hh                hh ##     \ \  \|\  \\ \  \\ \  \____ \ \  \\ \  \|\  \\ \  \\ \  \____ \ \  \
    ## hh      wwww      hh ##      \ \_______\\ \__\\ \_______\\ \__\\ \_______\\ \__\\ \_______\\ \__\
    ## hh                hh ##       \|_______| \|__| \|_______| \|__| \|_______| \|__| \|_______| \|__|
    ## MMMMMMMMMMMMMMMMMMMM ##
    ##MMMMMMMMMMMMMMMMMMMMMM##                                          Release undefined@no release yet
         \/            \/                                       Powered by @bilibili/jinkela-core@2.8.14 color:#00a1d6
[2026-06-13T03:53:02.720Z] [info] %c%s line-height: 30px; color: #FF6699 bili-fe-fp: 1.1.4
[2026-06-13T03:53:02.765Z] [info] %c bili-fe-mirror %c v2.1.0  padding: 2px 6px; border-radius: 3px 0 0 3px; color: #fff; background: #FF6699; font-weight: bold; padding: 2px 6px; border-radius: 0 3px 3px 0; color: #fff; background: #FF9999; font-weight: bold;
[2026-06-13T03:53:02.765Z] [log] 白屏检测是否正常 {status: ok, loop: 0, data: Object}
[2026-06-13T03:53:03.124Z] [log] %c
                     //
         \\         //
          \\       //
    ##DDDDDDDDDDDDDDDDDDDDDD##
    ## DDDDDDDDDDDDDDDDDDDD ##   ________   ___   ___        ___   ________   ___   ___        ___
    ## hh                hh ##   |\   __  \ |\  \ |\  \      |\  \ |\   __  \ |\  \ |\  \      |\  \
    ## hh    //    \\    hh ##   \ \  \|\ /_\ \  \\ \  \     \ \  \\ \  \|\ /_\ \  \\ \  \     \ \  \
    ## hh   //      \\   hh ##    \ \   __  \\ \  \\ \  \     \ \  \\ \   __  \\ \  \\ \  \     \ \  \
    ## hh                hh ##     \ \  \|\  \\ \  \\ \  \____ \ \  \\ \  \|\  \\ \  \\ \  \____ \ \  \
    ## hh      wwww      hh ##      \ \_______\\ \__\\ \_______\\ \__\\ \_______\\ \__\\ \_______\\ \__\
    ## hh                hh ##       \|_______| \|__| \|_______| \|__| \|_______| \|__| \|_______| \|__|
    ## MMMMMMMMMMMMMMMMMMMM ##
    ##MMMMMMMMMMMMMMMMMMMMMM##                                          Release undefined@no release yet
         \/            \/                                       Powered by @bilibili/jinkela-core@2.8.14 color:#00a1d6
[2026-06-13T03:53:06.379Z] [info] %c%s line-height: 30px; color: #FF6699 bili-fe-fp: 1.1.4
[2026-06-13T03:53:06.432Z] [info] %c bili-fe-mirror %c v2.1.0  padding: 2px 6px; border-radius: 3px 0 0 3px; color: #fff; background: #FF6699; font-weight: bold; padding: 2px 6px; border-radius: 0 3px 3px 0; color: #fff; background: #FF9999; font-weight: bold;
[2026-06-13T03:53:06.433Z] [log] 白屏检测是否正常 {status: ok, loop: 0, data: Object}
[2026-06-13T03:53:06.779Z] [log] %c
                     //
         \\         //
          \\       //
    ##DDDDDDDDDDDDDDDDDDDDDD##
    ## DDDDDDDDDDDDDDDDDDDD ##   ________   ___   ___        ___   ________   ___   ___        ___
    ## hh                hh ##   |\   __  \ |\  \ |\  \      |\  \ |\   __  \ |\  \ |\  \      |\  \
    ## hh    //    \\    hh ##   \ \  \|\ /_\ \  \\ \  \     \ \  \\ \  \|\ /_\ \  \\ \  \     \ \  \
    ## hh   //      \\   hh ##    \ \   __  \\ \  \\ \  \     \ \  \\ \   __  \\ \  \\ \  \     \ \  \
    ## hh                hh ##     \ \  \|\  \\ \  \\ \  \____ \ \  \\ \  \|\  \\ \  \\ \  \____ \ \  \
    ## hh      wwww      hh ##      \ \_______\\ \__\\ \_______\\ \__\\ \_______\\ \__\\ \_______\\ \__\
    ## hh                hh ##       \|_______| \|__| \|_______| \|__| \|_______| \|__| \|_______| \|__|
    ## MMMMMMMMMMMMMMMMMMMM ##
    ##MMMMMMMMMMMMMMMMMMMMMM##                                          Release undefined@no release yet
         \/            \/                                       Powered by @bilibili/jinkela-core@2.8.14 color:#00a1d6
[2026-06-13T03:53:10.049Z] [info] %c%s line-height: 30px; color: #FF6699 bili-fe-fp: 1.1.4
[2026-06-13T03:53:10.095Z] [info] %c bili-fe-mirror %c v2.1.0  padding: 2px 6px; border-radius: 3px 0 0 3px; color: #fff; background: #FF6699; font-weight: bold; padding: 2px 6px; border-radius: 0 3px 3px 0; color: #fff; background: #FF9999; font-weight: bold;
[2026-06-13T03:53:10.095Z] [log] 白屏检测是否正常 {status: ok, loop: 0, data: Object}
[2026-06-13T03:53:10.644Z] [log] %c
                     //
         \\         //
          \\       //
    ##DDDDDDDDDDDDDDDDDDDDDD##
    ## DDDDDDDDDDDDDDDDDDDD ##   ________   ___   ___        ___   ________   ___   ___        ___
    ## hh                hh ##   |\   __  \ |\  \ |\  \      |\  \ |\   __  \ |\  \ |\  \      |\  \
    ## hh    //    \\    hh ##   \ \  \|\ /_\ \  \\ \  \     \ \  \\ \  \|\ /_\ \  \\ \  \     \ \  \
    ## hh   //      \\   hh ##    \ \   __  \\ \  \\ \  \     \ \  \\ \   __  \\ \  \\ \  \     \ \  \
    ## hh                hh ##     \ \  \|\  \\ \  \\ \  \____ \ \  \\ \  \|\  \\ \  \\ \  \____ \ \  \
    ## hh      wwww      hh ##      \ \_______\\ \__\\ \_______\\ \__\\ \_______\\ \__\\ \_______\\ \__\
    ## hh                hh ##       \|_______| \|__| \|_______| \|__| \|_______| \|__| \|_______| \|__|
    ## MMMMMMMMMMMMMMMMMMMM ##
    ##MMMMMMMMMMMMMMMMMMMMMM##                                          Release undefined@no release yet
         \/            \/                                       Powered by @bilibili/jinkela-core@2.8.14 color:#00a1d6
[2026-06-13T03:53:13.745Z] [info] %c%s line-height: 30px; color: #FF6699 bili-fe-fp: 1.1.4
[2026-06-13T03:53:13.771Z] [info] %c bili-fe-mirror %c v2.1.0  padding: 2px 6px; border-radius: 3px 0 0 3px; color: #fff; background: #FF6699; font-weight: bold; padding: 2px 6px; border-radius: 0 3px 3px 0; color: #fff; background: #FF9999; font-weight: bold;
[2026-06-13T03:53:13.771Z] [log] 白屏检测是否正常 {status: ok, loop: 0, data: Object}
[2026-06-13T03:53:14.165Z] [log] %c
                     //
         \\         //
          \\       //
    ##DDDDDDDDDDDDDDDDDDDDDD##
    ## DDDDDDDDDDDDDDDDDDDD ##   ________   ___   ___        ___   ________   ___   ___        ___
    ## hh                hh ##   |\   __  \ |\  \ |\  \      |\  \ |\   __  \ |\  \ |\  \      |\  \
    ## hh    //    \\    hh ##   \ \  \|\ /_\ \  \\ \  \     \ \  \\ \  \|\ /_\ \  \\ \  \     \ \  \
    ## hh   //      \\   hh ##    \ \   __  \\ \  \\ \  \     \ \  \\ \   __  \\ \  \\ \  \     \ \  \
    ## hh                hh ##     \ \  \|\  \\ \  \\ \  \____ \ \  \\ \  \|\  \\ \  \\ \  \____ \ \  \
    ## hh      wwww      hh ##      \ \_______\\ \__\\ \_______\\ \__\\ \_______\\ \__\\ \_______\\ \__\
    ## hh                hh ##       \|_______| \|__| \|_______| \|__| \|_______| \|__| \|_______| \|__|
    ## MMMMMMMMMMMMMMMMMMMM ##
    ##MMMMMMMMMMMMMMMMMMMMMM##                                          Release undefined@no release yet
         \/            \/                                       Powered by @bilibili/jinkela-core@2.8.14 color:#00a1d6
[2026-06-13T03:53:17.399Z] [info] %c%s line-height: 30px; color: #FF6699 bili-fe-fp: 1.1.4
[2026-06-13T03:53:17.423Z] [info] %c bili-fe-mirror %c v2.1.0  padding: 2px 6px; border-radius: 3px 0 0 3px; color: #fff; background: #FF6699; font-weight: bold; padding: 2px 6px; border-radius: 0 3px 3px 0; color: #fff; background: #FF9999; font-weight: bold;
[2026-06-13T03:53:17.423Z] [log] 白屏检测是否正常 {status: ok, loop: 0, data: Object}
[2026-06-13T03:53:17.738Z] [log] %c
                     //
         \\         //
          \\       //
    ##DDDDDDDDDDDDDDDDDDDDDD##
    ## DDDDDDDDDDDDDDDDDDDD ##   ________   ___   ___        ___   ________   ___   ___        ___
    ## hh                hh ##   |\   __  \ |\  \ |\  \      |\  \ |\   __  \ |\  \ |\  \      |\  \
    ## hh    //    \\    hh ##   \ \  \|\ /_\ \  \\ \  \     \ \  \\ \  \|\ /_\ \  \\ \  \     \ \  \
    ## hh   //      \\   hh ##    \ \   __  \\ \  \\ \  \     \ \  \\ \   __  \\ \  \\ \  \     \ \  \
    ## hh                hh ##     \ \  \|\  \\ \  \\ \  \____ \ \  \\ \  \|\  \\ \  \\ \  \____ \ \  \
    ## hh      wwww      hh ##      \ \_______\\ \__\\ \_______\\ \__\\ \_______\\ \__\\ \_______\\ \__\
    ## hh                hh ##       \|_______| \|__| \|_______| \|__| \|_______| \|__| \|_______| \|__|
    ## MMMMMMMMMMMMMMMMMMMM ##
    ##MMMMMMMMMMMMMMMMMMMMMM##                                          Release undefined@no release yet
         \/            \/                                       Powered by @bilibili/jinkela-core@2.8.14 color:#00a1d6
[2026-06-13T03:53:21.066Z] [info] %c%s line-height: 30px; color: #FF6699 bili-fe-fp: 1.1.4
[2026-06-13T03:53:21.115Z] [info] %c bili-fe-mirror %c v2.1.0  padding: 2px 6px; border-radius: 3px 0 0 3px; color: #fff; background: #FF6699; font-weight: bold; padding: 2px 6px; border-radius: 0 3px 3px 0; color: #fff; background: #FF9999; font-weight: bold;
[2026-06-13T03:53:21.115Z] [log] 白屏检测是否正常 {status: ok, loop: 0, data: Object}
[2026-06-13T03:53:21.381Z] [log] %c
                     //
         \\         //
          \\       //
    ##DDDDDDDDDDDDDDDDDDDDDD##
    ## DDDDDDDDDDDDDDDDDDDD ##   ________   ___   ___        ___   ________   ___   ___        ___
    ## hh                hh ##   |\   __  \ |\  \ |\  \      |\  \ |\   __  \ |\  \ |\  \      |\  \
    ## hh    //    \\    hh ##   \ \  \|\ /_\ \  \\ \  \     \ \  \\ \  \|\ /_\ \  \\ \  \     \ \  \
    ## hh   //      \\   hh ##    \ \   __  \\ \  \\ \  \     \ \  \\ \   __  \\ \  \\ \  \     \ \  \
    ## hh                hh ##     \ \  \|\  \\ \  \\ \  \____ \ \  \\ \  \|\  \\ \  \\ \  \____ \ \  \
    ## hh      wwww      hh ##      \ \_______\\ \__\\ \_______\\ \__\\ \_______\\ \__\\ \_______\\ \__\
    ## hh                hh ##       \|_______| \|__| \|_______| \|__| \|_______| \|__| \|_______| \|__|
    ## MMMMMMMMMMMMMMMMMMMM ##
    ##MMMMMMMMMMMMMMMMMMMMMM##                                          Release undefined@no release yet
         \/            \/                                       Powered by @bilibili/jinkela-core@2.8.14 color:#00a1d6
[2026-06-13T03:53:24.757Z] [info] %c%s line-height: 30px; color: #FF6699 bili-fe-fp: 1.1.4
[2026-06-13T03:53:24.784Z] [info] %c bili-fe-mirror %c v2.1.0  padding: 2px 6px; border-radius: 3px 0 0 3px; color: #fff; background: #FF6699; font-weight: bold; padding: 2px 6px; border-radius: 0 3px 3px 0; color: #fff; background: #FF9999; font-weight: bold;
[2026-06-13T03:53:24.784Z] [log] 白屏检测是否正常 {status: ok, loop: 0, data: Object}
[2026-06-13T03:53:24.911Z] [log] %c
                     //
         \\         //
          \\       //
    ##DDDDDDDDDDDDDDDDDDDDDD##
    ## DDDDDDDDDDDDDDDDDDDD ##   ________   ___   ___        ___   ________   ___   ___        ___
    ## hh                hh ##   |\   __  \ |\  \ |\  \      |\  \ |\   __  \ |\  \ |\  \      |\  \
    ## hh    //    \\    hh ##   \ \  \|\ /_\ \  \\ \  \     \ \  \\ \  \|\ /_\ \  \\ \  \     \ \  \
    ## hh   //      \\   hh ##    \ \   __  \\ \  \\ \  \     \ \  \\ \   __  \\ \  \\ \  \     \ \  \
    ## hh                hh ##     \ \  \|\  \\ \  \\ \  \____ \ \  \\ \  \|\  \\ \  \\ \  \____ \ \  \
    ## hh      wwww      hh ##      \ \_______\\ \__\\ \_______\\ \__\\ \_______\\ \__\\ \_______\\ \__\
    ## hh                hh ##       \|_______| \|__| \|_______| \|__| \|_______| \|__| \|_______| \|__|
    ## MMMMMMMMMMMMMMMMMMMM ##
    ##MMMMMMMMMMMMMMMMMMMMMM##                                          Release undefined@no release yet
         \/            \/                                       Powered by @bilibili/jinkela-core@2.8.14 color:#00a1d6
[2026-06-13T03:53:28.442Z] [info] %c%s line-height: 30px; color: #FF6699 bili-fe-fp: 1.1.4
[2026-06-13T03:53:28.448Z] [info] %c bili-fe-mirror %c v2.1.0  padding: 2px 6px; border-radius: 3px 0 0 3px; color: #fff; background: #FF6699; font-weight: bold; padding: 2px 6px; border-radius: 0 3px 3px 0; color: #fff; background: #FF9999; font-weight: bold;
[2026-06-13T03:53:28.452Z] [log] 白屏检测是否正常 {status: ok, loop: 0, data: Object}
[2026-06-13T03:53:28.813Z] [log] %c
                     //
         \\         //
          \\       //
    ##DDDDDDDDDDDDDDDDDDDDDD##
    ## DDDDDDDDDDDDDDDDDDDD ##   ________   ___   ___        ___   ________   ___   ___        ___
    ## hh                hh ##   |\   __  \ |\  \ |\  \      |\  \ |\   __  \ |\  \ |\  \      |\  \
    ## hh    //    \\    hh ##   \ \  \|\ /_\ \  \\ \  \     \ \  \\ \  \|\ /_\ \  \\ \  \     \ \  \
    ## hh   //      \\   hh ##    \ \   __  \\ \  \\ \  \     \ \  \\ \   __  \\ \  \\ \  \     \ \  \
    ## hh                hh ##     \ \  \|\  \\ \  \\ \  \____ \ \  \\ \  \|\  \\ \  \\ \  \____ \ \  \
    ## hh      wwww      hh ##      \ \_______\\ \__\\ \_______\\ \__\\ \_______\\ \__\\ \_______\\ \__\
    ## hh                hh ##       \|_______| \|__| \|_______| \|__| \|_______| \|__| \|_______| \|__|
    ## MMMMMMMMMMMMMMMMMMMM ##
    ##MMMMMMMMMMMMMMMMMMMMMM##                                          Release undefined@no release yet
         \/            \/                                       Powered by @bilibili/jinkela-core@2.8.14 color:#00a1d6
[2026-06-13T03:53:32.079Z] [info] %c%s line-height: 30px; color: #FF6699 bili-fe-fp: 1.1.4
[2026-06-13T03:53:32.124Z] [info] %c bili-fe-mirror %c v2.1.0  padding: 2px 6px; border-radius: 3px 0 0 3px; color: #fff; background: #FF6699; font-weight: bold; padding: 2px 6px; border-radius: 0 3px 3px 0; color: #fff; background: #FF9999; font-weight: bold;
[2026-06-13T03:53:32.124Z] [log] 白屏检测是否正常 {status: ok, loop: 0, data: Object}
[2026-06-13T03:53:32.402Z] [log] %c
                     //
         \\         //
          \\       //
    ##DDDDDDDDDDDDDDDDDDDDDD##
    ## DDDDDDDDDDDDDDDDDDDD ##   ________   ___   ___        ___   ________   ___   ___        ___
    ## hh                hh ##   |\   __  \ |\  \ |\  \      |\  \ |\   __  \ |\  \ |\  \      |\  \
    ## hh    //    \\    hh ##   \ \  \|\ /_\ \  \\ \  \     \ \  \\ \  \|\ /_\ \  \\ \  \     \ \  \
    ## hh   //      \\   hh ##    \ \   __  \\ \  \\ \  \     \ \  \\ \   __  \\ \  \\ \  \     \ \  \
    ## hh                hh ##     \ \  \|\  \\ \  \\ \  \____ \ \  \\ \  \|\  \\ \  \\ \  \____ \ \  \
    ## hh      wwww      hh ##      \ \_______\\ \__\\ \_______\\ \__\\ \_______\\ \__\\ \_______\\ \__\
    ## hh                hh ##       \|_______| \|__| \|_______| \|__| \|_______| \|__| \|_______| \|__|
    ## MMMMMMMMMMMMMMMMMMMM ##
    ##MMMMMMMMMMMMMMMMMMMMMM##                                          Release undefined@no release yet
         \/            \/                                       Powered by @bilibili/jinkela-core@2.8.14 color:#00a1d6
[2026-06-13T03:53:47.128Z] [warning] Deprecated API for given entry type.
